[0.063s] Invoking command in '/home/kleo/ros2_ws/src/build/my_robot_description': CMAKE_PREFIX_PATH=${CMAKE_PREFIX_PATH}:/opt/ros/humble /usr/bin/cmake --build /home/kleo/ros2_ws/src/build/my_robot_description -- -j3 -l3
[0.506s] Invoked command in '/home/kleo/ros2_ws/src/build/my_robot_description' returned '0': CMAKE_PREFIX_PATH=${CMAKE_PREFIX_PATH}:/opt/ros/humble /usr/bin/cmake --build /home/kleo/ros2_ws/src/build/my_robot_description -- -j3 -l3
[0.524s] Invoking command in '/home/kleo/ros2_ws/src/build/my_robot_description': CMAKE_PREFIX_PATH=${CMAKE_PREFIX_PATH}:/opt/ros/humble /usr/bin/cmake --install /home/kleo/ros2_ws/src/build/my_robot_description
[0.546s] -- Install configuration: ""
[0.555s] -- Execute custom install script
[0.563s] -- Up-to-date symlink: /home/kleo/ros2_ws/src/install/my_robot_description/share/my_robot_description//urdf/camera.xacro
[0.564s] -- Up-to-date symlink: /home/kleo/ros2_ws/src/install/my_robot_description/share/my_robot_description//urdf/common_properties.xacro
[0.564s] -- Up-to-date symlink: /home/kleo/ros2_ws/src/install/my_robot_description/share/my_robot_description//urdf/lidar.xacro
[0.564s] -- Up-to-date symlink: /home/kleo/ros2_ws/src/install/my_robot_description/share/my_robot_description//urdf/mobile_base.xacro
[0.564s] -- Up-to-date symlink: /home/kleo/ros2_ws/src/install/my_robot_description/share/my_robot_description//urdf/mobile_base_gazebo.xacro
[0.565s] -- Up-to-date symlink: /home/kleo/ros2_ws/src/install/my_robot_description/share/my_robot_description//urdf/my_robot.urdf.xacro
[0.565s] -- Up-to-date symlink: /home/kleo/ros2_ws/src/install/my_robot_description/share/my_robot_description//launch/display.launch.xml
[0.566s] -- Up-to-date symlink: /home/kleo/ros2_ws/src/install/my_robot_description/share/my_robot_description//rviz/urdf_config.rviz
[0.567s] -- Up-to-date symlink: /home/kleo/ros2_ws/src/install/my_robot_description/share/ament_index/resource_index/package_run_dependencies/my_robot_description
[0.567s] -- Up-to-date symlink: /home/kleo/ros2_ws/src/install/my_robot_description/share/ament_index/resource_index/parent_prefix_path/my_robot_description
[0.568s] -- Up-to-date symlink: /home/kleo/ros2_ws/src/install/my_robot_description/share/my_robot_description/environment/ament_prefix_path.sh
[0.568s] -- Up-to-date symlink: /home/kleo/ros2_ws/src/install/my_robot_description/share/my_robot_description/environment/ament_prefix_path.dsv
[0.569s] -- Up-to-date symlink: /home/kleo/ros2_ws/src/install/my_robot_description/share/my_robot_description/environment/path.sh
[0.569s] -- Up-to-date symlink: /home/kleo/ros2_ws/src/install/my_robot_description/share/my_robot_description/environment/path.dsv
[0.569s] -- Up-to-date symlink: /home/kleo/ros2_ws/src/install/my_robot_description/share/my_robot_description/local_setup.bash
[0.570s] -- Up-to-date symlink: /home/kleo/ros2_ws/src/install/my_robot_description/share/my_robot_description/local_setup.sh
[0.570s] -- Up-to-date symlink: /home/kleo/ros2_ws/src/install/my_robot_description/share/my_robot_description/local_setup.zsh
[0.571s] -- Up-to-date symlink: /home/kleo/ros2_ws/src/install/my_robot_description/share/my_robot_description/local_setup.dsv
[0.571s] -- Symlinking: /home/kleo/ros2_ws/src/install/my_robot_description/share/my_robot_description/package.dsv
[0.586s] -- Up-to-date symlink: /home/kleo/ros2_ws/src/install/my_robot_description/share/ament_index/resource_index/packages/my_robot_description
[0.586s] -- Up-to-date symlink: /home/kleo/ros2_ws/src/install/my_robot_description/share/my_robot_description/cmake/my_robot_descriptionConfig.cmake
[0.588s] -- Up-to-date symlink: /home/kleo/ros2_ws/src/install/my_robot_description/share/my_robot_description/cmake/my_robot_descriptionConfig-version.cmake
[0.588s] -- Up-to-date symlink: /home/kleo/ros2_ws/src/install/my_robot_description/share/my_robot_description/package.xml
[0.591s] Invoked command in '/home/kleo/ros2_ws/src/build/my_robot_description' returned '0': CMAKE_PREFIX_PATH=${CMAKE_PREFIX_PATH}:/opt/ros/humble /usr/bin/cmake --install /home/kleo/ros2_ws/src/build/my_robot_description
