[0.064s] Invoking command in '/home/kleo/ros2_ws/src/build/my_robot_description': CMAKE_PREFIX_PATH=${CMAKE_PREFIX_PATH}:/opt/ros/humble /usr/bin/cmake /home/kleo/ros2_ws/src/my_robot_description -DCMAKE_INSTALL_PREFIX=/home/kleo/ros2_ws/src/install/my_robot_description
[0.300s] -- Found ament_cmake: 1.3.11 (/opt/ros/humble/share/ament_cmake/cmake)
[0.567s] -- Override CMake install command with custom implementation using symlinks instead of copying resources
[0.695s] -- Configuring done
[0.720s] -- Generating done
[0.728s] -- Build files have been written to: /home/kleo/ros2_ws/src/build/my_robot_description
[0.748s] Invoked command in '/home/kleo/ros2_ws/src/build/my_robot_description' returned '0': CMAKE_PREFIX_PATH=${CMAKE_PREFIX_PATH}:/opt/ros/humble /usr/bin/cmake /home/kleo/ros2_ws/src/my_robot_description -DCMAKE_INSTALL_PREFIX=/home/kleo/ros2_ws/src/install/my_robot_description
[0.748s] Invoking command in '/home/kleo/ros2_ws/src/build/my_robot_description': CMAKE_PREFIX_PATH=${CMAKE_PREFIX_PATH}:/opt/ros/humble /usr/bin/cmake --build /home/kleo/ros2_ws/src/build/my_robot_description -- -j3 -l3
[0.814s] Invoked command in '/home/kleo/ros2_ws/src/build/my_robot_description' returned '0': CMAKE_PREFIX_PATH=${CMAKE_PREFIX_PATH}:/opt/ros/humble /usr/bin/cmake --build /home/kleo/ros2_ws/src/build/my_robot_description -- -j3 -l3
[0.830s] Invoking command in '/home/kleo/ros2_ws/src/build/my_robot_description': CMAKE_PREFIX_PATH=${CMAKE_PREFIX_PATH}:/opt/ros/humble /usr/bin/cmake --install /home/kleo/ros2_ws/src/build/my_robot_description
[0.839s] -- Install configuration: ""
[0.839s] -- Execute custom install script
[0.842s] -- Up-to-date symlink: /home/kleo/ros2_ws/src/install/my_robot_description/share/my_robot_description//urdf/camera.xacro
[0.844s] -- Up-to-date symlink: /home/kleo/ros2_ws/src/install/my_robot_description/share/my_robot_description//urdf/common_properties.xacro
[0.846s] -- Up-to-date symlink: /home/kleo/ros2_ws/src/install/my_robot_description/share/my_robot_description//urdf/lidar.xacro
[0.846s] -- Up-to-date symlink: /home/kleo/ros2_ws/src/install/my_robot_description/share/my_robot_description//urdf/mobile_base.xacro
[0.846s] -- Up-to-date symlink: /home/kleo/ros2_ws/src/install/my_robot_description/share/my_robot_description//urdf/mobile_base_gazebo.xacro
[0.847s] -- Up-to-date symlink: /home/kleo/ros2_ws/src/install/my_robot_description/share/my_robot_description//urdf/my_robot.urdf.xacro
[0.847s] -- Up-to-date symlink: /home/kleo/ros2_ws/src/install/my_robot_description/share/my_robot_description//launch/display.launch.xml
[0.847s] -- Up-to-date symlink: /home/kleo/ros2_ws/src/install/my_robot_description/share/my_robot_description//rviz/urdf_config.rviz
[0.847s] -- Up-to-date symlink: /home/kleo/ros2_ws/src/install/my_robot_description/share/ament_index/resource_index/package_run_dependencies/my_robot_description
[0.847s] -- Up-to-date symlink: /home/kleo/ros2_ws/src/install/my_robot_description/share/ament_index/resource_index/parent_prefix_path/my_robot_description
[0.849s] -- Up-to-date symlink: /home/kleo/ros2_ws/src/install/my_robot_description/share/my_robot_description/environment/ament_prefix_path.sh
[0.849s] -- Up-to-date symlink: /home/kleo/ros2_ws/src/install/my_robot_description/share/my_robot_description/environment/ament_prefix_path.dsv
[0.850s] -- Up-to-date symlink: /home/kleo/ros2_ws/src/install/my_robot_description/share/my_robot_description/environment/path.sh
[0.850s] -- Up-to-date symlink: /home/kleo/ros2_ws/src/install/my_robot_description/share/my_robot_description/environment/path.dsv
[0.851s] -- Up-to-date symlink: /home/kleo/ros2_ws/src/install/my_robot_description/share/my_robot_description/local_setup.bash
[0.851s] -- Up-to-date symlink: /home/kleo/ros2_ws/src/install/my_robot_description/share/my_robot_description/local_setup.sh
[0.852s] -- Up-to-date symlink: /home/kleo/ros2_ws/src/install/my_robot_description/share/my_robot_description/local_setup.zsh
[0.852s] -- Up-to-date symlink: /home/kleo/ros2_ws/src/install/my_robot_description/share/my_robot_description/local_setup.dsv
[0.852s] -- Symlinking: /home/kleo/ros2_ws/src/install/my_robot_description/share/my_robot_description/package.dsv
[0.868s] -- Up-to-date symlink: /home/kleo/ros2_ws/src/install/my_robot_description/share/ament_index/resource_index/packages/my_robot_description
[0.869s] -- Up-to-date symlink: /home/kleo/ros2_ws/src/install/my_robot_description/share/my_robot_description/cmake/my_robot_descriptionConfig.cmake
[0.869s] -- Up-to-date symlink: /home/kleo/ros2_ws/src/install/my_robot_description/share/my_robot_description/cmake/my_robot_descriptionConfig-version.cmake
[0.870s] -- Up-to-date symlink: /home/kleo/ros2_ws/src/install/my_robot_description/share/my_robot_description/package.xml
[0.874s] Invoked command in '/home/kleo/ros2_ws/src/build/my_robot_description' returned '0': CMAKE_PREFIX_PATH=${CMAKE_PREFIX_PATH}:/opt/ros/humble /usr/bin/cmake --install /home/kleo/ros2_ws/src/build/my_robot_description
