[0.809s] DEBUG:colcon:Command line arguments: ['/usr/bin/colcon', 'build', '--symlink-install']
[0.810s] DEBUG:colcon:Parsed command line arguments: Namespace(log_base=None, log_level=None, verb_name='build', build_base='build', install_base='install', merge_install=False, symlink_install=True, test_result_base=None, continue_on_error=False, executor='parallel', parallel_workers=3, event_handlers=None, ignore_user_meta=False, metas=['./colcon.meta'], base_paths=['.'], packages_ignore=None, packages_ignore_regex=None, paths=None, packages_up_to=None, packages_up_to_regex=None, packages_above=None, packages_above_and_dependencies=None, packages_above_depth=None, packages_select_by_dep=None, packages_skip_by_dep=None, packages_skip_up_to=None, packages_select_build_failed=False, packages_skip_build_finished=False, packages_select_test_failures=False, packages_skip_test_passed=False, packages_select=None, packages_skip=None, packages_select_regex=None, packages_skip_regex=None, packages_start=None, packages_end=None, allow_overriding=[], cmake_args=None, cmake_target=None, cmake_target_skip_unavailable=False, cmake_clean_cache=False, cmake_clean_first=False, cmake_force_configure=False, ament_cmake_args=None, catkin_cmake_args=None, catkin_skip_building_tests=False, verb_parser=<colcon_defaults.argument_parser.defaults.DefaultArgumentsDecorator object at 0x74f42510f460>, verb_extension=<colcon_core.verb.build.BuildVerb object at 0x74f425270910>, main=<bound method BuildVerb.main of <colcon_core.verb.build.BuildVerb object at 0x74f425270910>>)
[1.284s] Level 1:colcon.colcon_core.package_discovery:discover_packages(colcon_meta) check parameters
[1.285s] Level 1:colcon.colcon_core.package_discovery:discover_packages(recursive) check parameters
[1.285s] Level 1:colcon.colcon_core.package_discovery:discover_packages(ignore) check parameters
[1.285s] Level 1:colcon.colcon_core.package_discovery:discover_packages(path) check parameters
[1.285s] Level 1:colcon.colcon_core.package_discovery:discover_packages(colcon_meta) discover
[1.285s] Level 1:colcon.colcon_core.package_discovery:discover_packages(recursive) discover
[1.285s] INFO:colcon.colcon_core.package_discovery:Crawling recursively for packages in '/home/kleo/ros2_ws/src'
[1.285s] Level 1:colcon.colcon_core.package_identification:_identify(.) by extensions ['ignore', 'ignore_ament_install']
[1.285s] Level 1:colcon.colcon_core.package_identification:_identify(.) by extension 'ignore'
[1.285s] Level 1:colcon.colcon_core.package_identification:_identify(.) by extension 'ignore_ament_install'
[1.285s] Level 1:colcon.colcon_core.package_identification:_identify(.) by extensions ['colcon_pkg']
[1.285s] Level 1:colcon.colcon_core.package_identification:_identify(.) by extension 'colcon_pkg'
[1.286s] Level 1:colcon.colcon_core.package_identification:_identify(.) by extensions ['colcon_meta']
[1.286s] Level 1:colcon.colcon_core.package_identification:_identify(.) by extension 'colcon_meta'
[1.286s] Level 1:colcon.colcon_core.package_identification:_identify(.) by extensions ['ros']
[1.286s] Level 1:colcon.colcon_core.package_identification:_identify(.) by extension 'ros'
[1.334s] Level 1:colcon.colcon_core.package_identification:_identify(.) by extensions ['cmake', 'python']
[1.334s] Level 1:colcon.colcon_core.package_identification:_identify(.) by extension 'cmake'
[1.334s] Level 1:colcon.colcon_core.package_identification:_identify(.) by extension 'python'
[1.334s] Level 1:colcon.colcon_core.package_identification:_identify(.) by extensions ['python_setup_py']
[1.334s] Level 1:colcon.colcon_core.package_identification:_identify(.) by extension 'python_setup_py'
[1.334s] Level 1:colcon.colcon_core.package_identification:_identify(build) by extensions ['ignore', 'ignore_ament_install']
[1.334s] Level 1:colcon.colcon_core.package_identification:_identify(build) by extension 'ignore'
[1.335s] Level 1:colcon.colcon_core.package_identification:_identify(build) ignored
[1.335s] Level 1:colcon.colcon_core.package_identification:_identify(install) by extensions ['ignore', 'ignore_ament_install']
[1.335s] Level 1:colcon.colcon_core.package_identification:_identify(install) by extension 'ignore'
[1.335s] Level 1:colcon.colcon_core.package_identification:_identify(install) ignored
[1.335s] Level 1:colcon.colcon_core.package_identification:_identify(log) by extensions ['ignore', 'ignore_ament_install']
[1.335s] Level 1:colcon.colcon_core.package_identification:_identify(log) by extension 'ignore'
[1.335s] Level 1:colcon.colcon_core.package_identification:_identify(log) ignored
[1.335s] Level 1:colcon.colcon_core.package_identification:_identify(my_robot_bringup) by extensions ['ignore', 'ignore_ament_install']
[1.335s] Level 1:colcon.colcon_core.package_identification:_identify(my_robot_bringup) by extension 'ignore'
[1.335s] Level 1:colcon.colcon_core.package_identification:_identify(my_robot_bringup) by extension 'ignore_ament_install'
[1.335s] Level 1:colcon.colcon_core.package_identification:_identify(my_robot_bringup) by extensions ['colcon_pkg']
[1.335s] Level 1:colcon.colcon_core.package_identification:_identify(my_robot_bringup) by extension 'colcon_pkg'
[1.335s] Level 1:colcon.colcon_core.package_identification:_identify(my_robot_bringup) by extensions ['colcon_meta']
[1.335s] Level 1:colcon.colcon_core.package_identification:_identify(my_robot_bringup) by extension 'colcon_meta'
[1.335s] Level 1:colcon.colcon_core.package_identification:_identify(my_robot_bringup) by extensions ['ros']
[1.335s] Level 1:colcon.colcon_core.package_identification:_identify(my_robot_bringup) by extension 'ros'
[1.345s] DEBUG:colcon.colcon_core.package_identification:Package 'my_robot_bringup' with type 'ros.ament_cmake' and name 'my_robot_bringup'
[1.345s] Level 1:colcon.colcon_core.package_identification:_identify(my_robot_description) by extensions ['ignore', 'ignore_ament_install']
[1.345s] Level 1:colcon.colcon_core.package_identification:_identify(my_robot_description) by extension 'ignore'
[1.346s] Level 1:colcon.colcon_core.package_identification:_identify(my_robot_description) by extension 'ignore_ament_install'
[1.346s] Level 1:colcon.colcon_core.package_identification:_identify(my_robot_description) by extensions ['colcon_pkg']
[1.346s] Level 1:colcon.colcon_core.package_identification:_identify(my_robot_description) by extension 'colcon_pkg'
[1.346s] Level 1:colcon.colcon_core.package_identification:_identify(my_robot_description) by extensions ['colcon_meta']
[1.346s] Level 1:colcon.colcon_core.package_identification:_identify(my_robot_description) by extension 'colcon_meta'
[1.346s] Level 1:colcon.colcon_core.package_identification:_identify(my_robot_description) by extensions ['ros']
[1.346s] Level 1:colcon.colcon_core.package_identification:_identify(my_robot_description) by extension 'ros'
[1.347s] DEBUG:colcon.colcon_core.package_identification:Package 'my_robot_description' with type 'ros.ament_cmake' and name 'my_robot_description'
[1.347s] Level 1:colcon.colcon_core.package_discovery:discover_packages(recursive) using defaults
[1.347s] Level 1:colcon.colcon_core.package_discovery:discover_packages(ignore) discover
[1.347s] Level 1:colcon.colcon_core.package_discovery:discover_packages(ignore) using defaults
[1.347s] Level 1:colcon.colcon_core.package_discovery:discover_packages(path) discover
[1.347s] Level 1:colcon.colcon_core.package_discovery:discover_packages(path) using defaults
[1.445s] Level 1:colcon.colcon_core.package_discovery:discover_packages(prefix_path) check parameters
[1.445s] Level 1:colcon.colcon_core.package_discovery:discover_packages(prefix_path) discover
[1.462s] DEBUG:colcon.colcon_installed_package_information.package_discovery:Found 2 installed packages in /home/kleo/ros2_ws/install
[1.465s] DEBUG:colcon.colcon_installed_package_information.package_discovery:Found 296 installed packages in /opt/ros/humble
[1.505s] Level 1:colcon.colcon_core.package_discovery:discover_packages(prefix_path) using defaults
[1.652s] Level 5:colcon.colcon_core.verb:set package 'my_robot_description' build argument 'cmake_args' from command line to 'None'
[1.652s] Level 5:colcon.colcon_core.verb:set package 'my_robot_description' build argument 'cmake_target' from command line to 'None'
[1.652s] Level 5:colcon.colcon_core.verb:set package 'my_robot_description' build argument 'cmake_target_skip_unavailable' from command line to 'False'
[1.652s] Level 5:colcon.colcon_core.verb:set package 'my_robot_description' build argument 'cmake_clean_cache' from command line to 'False'
[1.652s] Level 5:colcon.colcon_core.verb:set package 'my_robot_description' build argument 'cmake_clean_first' from command line to 'False'
[1.652s] Level 5:colcon.colcon_core.verb:set package 'my_robot_description' build argument 'cmake_force_configure' from command line to 'False'
[1.652s] Level 5:colcon.colcon_core.verb:set package 'my_robot_description' build argument 'ament_cmake_args' from command line to 'None'
[1.652s] Level 5:colcon.colcon_core.verb:set package 'my_robot_description' build argument 'catkin_cmake_args' from command line to 'None'
[1.652s] Level 5:colcon.colcon_core.verb:set package 'my_robot_description' build argument 'catkin_skip_building_tests' from command line to 'False'
[1.652s] DEBUG:colcon.colcon_core.verb:Building package 'my_robot_description' with the following arguments: {'ament_cmake_args': None, 'build_base': '/home/kleo/ros2_ws/src/build/my_robot_description', 'catkin_cmake_args': None, 'catkin_skip_building_tests': False, 'cmake_args': None, 'cmake_clean_cache': False, 'cmake_clean_first': False, 'cmake_force_configure': False, 'cmake_target': None, 'cmake_target_skip_unavailable': False, 'install_base': '/home/kleo/ros2_ws/src/install/my_robot_description', 'merge_install': False, 'path': '/home/kleo/ros2_ws/src/my_robot_description', 'symlink_install': True, 'test_result_base': None}
[1.652s] Level 5:colcon.colcon_core.verb:set package 'my_robot_bringup' build argument 'cmake_args' from command line to 'None'
[1.652s] Level 5:colcon.colcon_core.verb:set package 'my_robot_bringup' build argument 'cmake_target' from command line to 'None'
[1.652s] Level 5:colcon.colcon_core.verb:set package 'my_robot_bringup' build argument 'cmake_target_skip_unavailable' from command line to 'False'
[1.652s] Level 5:colcon.colcon_core.verb:set package 'my_robot_bringup' build argument 'cmake_clean_cache' from command line to 'False'
[1.652s] Level 5:colcon.colcon_core.verb:set package 'my_robot_bringup' build argument 'cmake_clean_first' from command line to 'False'
[1.652s] Level 5:colcon.colcon_core.verb:set package 'my_robot_bringup' build argument 'cmake_force_configure' from command line to 'False'
[1.652s] Level 5:colcon.colcon_core.verb:set package 'my_robot_bringup' build argument 'ament_cmake_args' from command line to 'None'
[1.652s] Level 5:colcon.colcon_core.verb:set package 'my_robot_bringup' build argument 'catkin_cmake_args' from command line to 'None'
[1.652s] Level 5:colcon.colcon_core.verb:set package 'my_robot_bringup' build argument 'catkin_skip_building_tests' from command line to 'False'
[1.652s] DEBUG:colcon.colcon_core.verb:Building package 'my_robot_bringup' with the following arguments: {'ament_cmake_args': None, 'build_base': '/home/kleo/ros2_ws/src/build/my_robot_bringup', 'catkin_cmake_args': None, 'catkin_skip_building_tests': False, 'cmake_args': None, 'cmake_clean_cache': False, 'cmake_clean_first': False, 'cmake_force_configure': False, 'cmake_target': None, 'cmake_target_skip_unavailable': False, 'install_base': '/home/kleo/ros2_ws/src/install/my_robot_bringup', 'merge_install': False, 'path': '/home/kleo/ros2_ws/src/my_robot_bringup', 'symlink_install': True, 'test_result_base': None}
[1.653s] INFO:colcon.colcon_core.executor:Executing jobs using 'parallel' executor
[1.654s] DEBUG:colcon.colcon_parallel_executor.executor.parallel:run_until_complete
[1.655s] INFO:colcon.colcon_ros.task.ament_cmake.build:Building ROS package in '/home/kleo/ros2_ws/src/my_robot_description' with build type 'ament_cmake'
[1.655s] INFO:colcon.colcon_cmake.task.cmake.build:Building CMake package in '/home/kleo/ros2_ws/src/my_robot_description'
[1.672s] INFO:colcon.colcon_core.plugin_system:Skipping extension 'colcon_core.shell.bat': Not used on non-Windows systems
[1.672s] INFO:colcon.colcon_core.shell:Skip shell extension 'powershell' for command environment: Not usable outside of PowerShell
[1.672s] DEBUG:colcon.colcon_core.shell:Skip shell extension 'dsv' for command environment
[1.716s] DEBUG:colcon.colcon_core.event_handler.log_command:Invoking command in '/home/kleo/ros2_ws/src/build/my_robot_description': CMAKE_PREFIX_PATH=${CMAKE_PREFIX_PATH}:/opt/ros/humble /usr/bin/cmake --build /home/kleo/ros2_ws/src/build/my_robot_description -- -j3 -l3
[1.976s] DEBUG:colcon.colcon_core.event_handler.log_command:Invoked command in '/home/kleo/ros2_ws/src/build/my_robot_description' returned '0': CMAKE_PREFIX_PATH=${CMAKE_PREFIX_PATH}:/opt/ros/humble /usr/bin/cmake --build /home/kleo/ros2_ws/src/build/my_robot_description -- -j3 -l3
[1.994s] DEBUG:colcon.colcon_core.event_handler.log_command:Invoking command in '/home/kleo/ros2_ws/src/build/my_robot_description': CMAKE_PREFIX_PATH=${CMAKE_PREFIX_PATH}:/opt/ros/humble /usr/bin/cmake --install /home/kleo/ros2_ws/src/build/my_robot_description
[2.051s] Level 1:colcon.colcon_core.environment:create_environment_scripts_only(my_robot_description)
[2.052s] DEBUG:colcon.colcon_core.event_handler.log_command:Invoked command in '/home/kleo/ros2_ws/src/build/my_robot_description' returned '0': CMAKE_PREFIX_PATH=${CMAKE_PREFIX_PATH}:/opt/ros/humble /usr/bin/cmake --install /home/kleo/ros2_ws/src/build/my_robot_description
[2.065s] Level 1:colcon.colcon_core.environment:checking '/home/kleo/ros2_ws/src/install/my_robot_description' for CMake module files
[2.066s] Level 1:colcon.colcon_core.environment:checking '/home/kleo/ros2_ws/src/install/my_robot_description' for CMake config files
[2.066s] Level 1:colcon.colcon_core.shell:create_environment_hook('my_robot_description', 'cmake_prefix_path')
[2.066s] INFO:colcon.colcon_core.shell:Creating environment hook '/home/kleo/ros2_ws/src/install/my_robot_description/share/my_robot_description/hook/cmake_prefix_path.ps1'
[2.068s] INFO:colcon.colcon_core.shell:Creating environment descriptor '/home/kleo/ros2_ws/src/install/my_robot_description/share/my_robot_description/hook/cmake_prefix_path.dsv'
[2.069s] INFO:colcon.colcon_core.shell:Creating environment hook '/home/kleo/ros2_ws/src/install/my_robot_description/share/my_robot_description/hook/cmake_prefix_path.sh'
[2.071s] Level 1:colcon.colcon_core.environment:checking '/home/kleo/ros2_ws/src/install/my_robot_description/bin'
[2.071s] Level 1:colcon.colcon_core.environment:checking '/home/kleo/ros2_ws/src/install/my_robot_description/lib/pkgconfig/my_robot_description.pc'
[2.071s] Level 1:colcon.colcon_core.environment:checking '/home/kleo/ros2_ws/src/install/my_robot_description/lib/python3.10/site-packages'
[2.071s] Level 1:colcon.colcon_core.environment:checking '/home/kleo/ros2_ws/src/install/my_robot_description/bin'
[2.071s] INFO:colcon.colcon_core.shell:Creating package script '/home/kleo/ros2_ws/src/install/my_robot_description/share/my_robot_description/package.ps1'
[2.073s] INFO:colcon.colcon_core.shell:Creating package descriptor '/home/kleo/ros2_ws/src/install/my_robot_description/share/my_robot_description/package.dsv'
[2.074s] INFO:colcon.colcon_core.shell:Creating package script '/home/kleo/ros2_ws/src/install/my_robot_description/share/my_robot_description/package.sh'
[2.075s] INFO:colcon.colcon_core.shell:Creating package script '/home/kleo/ros2_ws/src/install/my_robot_description/share/my_robot_description/package.bash'
[2.077s] INFO:colcon.colcon_core.shell:Creating package script '/home/kleo/ros2_ws/src/install/my_robot_description/share/my_robot_description/package.zsh'
[2.078s] Level 1:colcon.colcon_core.environment:create_file_with_runtime_dependencies(/home/kleo/ros2_ws/src/install/my_robot_description/share/colcon-core/packages/my_robot_description)
[2.079s] Level 1:colcon.colcon_core.environment:create_environment_scripts_only(my_robot_description)
[2.079s] Level 1:colcon.colcon_core.environment:checking '/home/kleo/ros2_ws/src/install/my_robot_description' for CMake module files
[2.079s] Level 1:colcon.colcon_core.environment:checking '/home/kleo/ros2_ws/src/install/my_robot_description' for CMake config files
[2.080s] Level 1:colcon.colcon_core.shell:create_environment_hook('my_robot_description', 'cmake_prefix_path')
[2.080s] INFO:colcon.colcon_core.shell:Creating environment hook '/home/kleo/ros2_ws/src/install/my_robot_description/share/my_robot_description/hook/cmake_prefix_path.ps1'
[2.080s] INFO:colcon.colcon_core.shell:Creating environment descriptor '/home/kleo/ros2_ws/src/install/my_robot_description/share/my_robot_description/hook/cmake_prefix_path.dsv'
[2.081s] INFO:colcon.colcon_core.shell:Creating environment hook '/home/kleo/ros2_ws/src/install/my_robot_description/share/my_robot_description/hook/cmake_prefix_path.sh'
[2.081s] Level 1:colcon.colcon_core.environment:checking '/home/kleo/ros2_ws/src/install/my_robot_description/bin'
[2.081s] Level 1:colcon.colcon_core.environment:checking '/home/kleo/ros2_ws/src/install/my_robot_description/lib/pkgconfig/my_robot_description.pc'
[2.082s] Level 1:colcon.colcon_core.environment:checking '/home/kleo/ros2_ws/src/install/my_robot_description/lib/python3.10/site-packages'
[2.082s] Level 1:colcon.colcon_core.environment:checking '/home/kleo/ros2_ws/src/install/my_robot_description/bin'
[2.082s] INFO:colcon.colcon_core.shell:Creating package script '/home/kleo/ros2_ws/src/install/my_robot_description/share/my_robot_description/package.ps1'
[2.083s] INFO:colcon.colcon_core.shell:Creating package descriptor '/home/kleo/ros2_ws/src/install/my_robot_description/share/my_robot_description/package.dsv'
[2.083s] INFO:colcon.colcon_core.shell:Creating package script '/home/kleo/ros2_ws/src/install/my_robot_description/share/my_robot_description/package.sh'
[2.085s] INFO:colcon.colcon_core.shell:Creating package script '/home/kleo/ros2_ws/src/install/my_robot_description/share/my_robot_description/package.bash'
[2.086s] INFO:colcon.colcon_core.shell:Creating package script '/home/kleo/ros2_ws/src/install/my_robot_description/share/my_robot_description/package.zsh'
[2.087s] Level 1:colcon.colcon_core.environment:create_file_with_runtime_dependencies(/home/kleo/ros2_ws/src/install/my_robot_description/share/colcon-core/packages/my_robot_description)
[2.087s] INFO:colcon.colcon_ros.task.ament_cmake.build:Building ROS package in '/home/kleo/ros2_ws/src/my_robot_bringup' with build type 'ament_cmake'
[2.088s] INFO:colcon.colcon_cmake.task.cmake.build:Building CMake package in '/home/kleo/ros2_ws/src/my_robot_bringup'
[2.089s] INFO:colcon.colcon_core.shell:Skip shell extension 'powershell' for command environment: Not usable outside of PowerShell
[2.090s] DEBUG:colcon.colcon_core.shell:Skip shell extension 'dsv' for command environment
[2.110s] DEBUG:colcon.colcon_core.event_handler.log_command:Invoking command in '/home/kleo/ros2_ws/src/build/my_robot_bringup': AMENT_PREFIX_PATH=/home/kleo/ros2_ws/src/install/my_robot_description:${AMENT_PREFIX_PATH} CMAKE_PREFIX_PATH=/home/kleo/ros2_ws/src/install/my_robot_description:/home/kleo/ros2_ws/install/my_robot_bringup:/home/kleo/ros2_ws/install/my_robot_description:/opt/ros/humble /usr/bin/cmake --build /home/kleo/ros2_ws/src/build/my_robot_bringup -- -j3 -l3
[2.208s] DEBUG:colcon.colcon_core.event_handler.log_command:Invoked command in '/home/kleo/ros2_ws/src/build/my_robot_bringup' returned '0': AMENT_PREFIX_PATH=/home/kleo/ros2_ws/src/install/my_robot_description:${AMENT_PREFIX_PATH} CMAKE_PREFIX_PATH=/home/kleo/ros2_ws/src/install/my_robot_description:/home/kleo/ros2_ws/install/my_robot_bringup:/home/kleo/ros2_ws/install/my_robot_description:/opt/ros/humble /usr/bin/cmake --build /home/kleo/ros2_ws/src/build/my_robot_bringup -- -j3 -l3
[2.212s] DEBUG:colcon.colcon_core.event_handler.log_command:Invoking command in '/home/kleo/ros2_ws/src/build/my_robot_bringup': AMENT_PREFIX_PATH=/home/kleo/ros2_ws/src/install/my_robot_description:${AMENT_PREFIX_PATH} CMAKE_PREFIX_PATH=/home/kleo/ros2_ws/src/install/my_robot_description:/home/kleo/ros2_ws/install/my_robot_bringup:/home/kleo/ros2_ws/install/my_robot_description:/opt/ros/humble /usr/bin/cmake --install /home/kleo/ros2_ws/src/build/my_robot_bringup
[2.280s] Level 1:colcon.colcon_core.environment:create_environment_scripts_only(my_robot_bringup)
[2.281s] Level 1:colcon.colcon_core.environment:checking '/home/kleo/ros2_ws/src/install/my_robot_bringup' for CMake module files
[2.281s] DEBUG:colcon.colcon_core.event_handler.log_command:Invoked command in '/home/kleo/ros2_ws/src/build/my_robot_bringup' returned '0': AMENT_PREFIX_PATH=/home/kleo/ros2_ws/src/install/my_robot_description:${AMENT_PREFIX_PATH} CMAKE_PREFIX_PATH=/home/kleo/ros2_ws/src/install/my_robot_description:/home/kleo/ros2_ws/install/my_robot_bringup:/home/kleo/ros2_ws/install/my_robot_description:/opt/ros/humble /usr/bin/cmake --install /home/kleo/ros2_ws/src/build/my_robot_bringup
[2.282s] Level 1:colcon.colcon_core.environment:checking '/home/kleo/ros2_ws/src/install/my_robot_bringup' for CMake config files
[2.282s] Level 1:colcon.colcon_core.shell:create_environment_hook('my_robot_bringup', 'cmake_prefix_path')
[2.282s] INFO:colcon.colcon_core.shell:Creating environment hook '/home/kleo/ros2_ws/src/install/my_robot_bringup/share/my_robot_bringup/hook/cmake_prefix_path.ps1'
[2.283s] INFO:colcon.colcon_core.shell:Creating environment descriptor '/home/kleo/ros2_ws/src/install/my_robot_bringup/share/my_robot_bringup/hook/cmake_prefix_path.dsv'
[2.283s] INFO:colcon.colcon_core.shell:Creating environment hook '/home/kleo/ros2_ws/src/install/my_robot_bringup/share/my_robot_bringup/hook/cmake_prefix_path.sh'
[2.284s] Level 1:colcon.colcon_core.environment:checking '/home/kleo/ros2_ws/src/install/my_robot_bringup/bin'
[2.284s] Level 1:colcon.colcon_core.environment:checking '/home/kleo/ros2_ws/src/install/my_robot_bringup/lib/pkgconfig/my_robot_bringup.pc'
[2.284s] Level 1:colcon.colcon_core.environment:checking '/home/kleo/ros2_ws/src/install/my_robot_bringup/lib/python3.10/site-packages'
[2.285s] Level 1:colcon.colcon_core.environment:checking '/home/kleo/ros2_ws/src/install/my_robot_bringup/bin'
[2.285s] INFO:colcon.colcon_core.shell:Creating package script '/home/kleo/ros2_ws/src/install/my_robot_bringup/share/my_robot_bringup/package.ps1'
[2.285s] INFO:colcon.colcon_core.shell:Creating package descriptor '/home/kleo/ros2_ws/src/install/my_robot_bringup/share/my_robot_bringup/package.dsv'
[2.286s] INFO:colcon.colcon_core.shell:Creating package script '/home/kleo/ros2_ws/src/install/my_robot_bringup/share/my_robot_bringup/package.sh'
[2.287s] INFO:colcon.colcon_core.shell:Creating package script '/home/kleo/ros2_ws/src/install/my_robot_bringup/share/my_robot_bringup/package.bash'
[2.287s] INFO:colcon.colcon_core.shell:Creating package script '/home/kleo/ros2_ws/src/install/my_robot_bringup/share/my_robot_bringup/package.zsh'
[2.288s] Level 1:colcon.colcon_core.environment:create_file_with_runtime_dependencies(/home/kleo/ros2_ws/src/install/my_robot_bringup/share/colcon-core/packages/my_robot_bringup)
[2.288s] Level 1:colcon.colcon_core.environment:create_environment_scripts_only(my_robot_bringup)
[2.288s] Level 1:colcon.colcon_core.environment:checking '/home/kleo/ros2_ws/src/install/my_robot_bringup' for CMake module files
[2.289s] Level 1:colcon.colcon_core.environment:checking '/home/kleo/ros2_ws/src/install/my_robot_bringup' for CMake config files
[2.289s] Level 1:colcon.colcon_core.shell:create_environment_hook('my_robot_bringup', 'cmake_prefix_path')
[2.289s] INFO:colcon.colcon_core.shell:Creating environment hook '/home/kleo/ros2_ws/src/install/my_robot_bringup/share/my_robot_bringup/hook/cmake_prefix_path.ps1'
[2.290s] INFO:colcon.colcon_core.shell:Creating environment descriptor '/home/kleo/ros2_ws/src/install/my_robot_bringup/share/my_robot_bringup/hook/cmake_prefix_path.dsv'
[2.291s] INFO:colcon.colcon_core.shell:Creating environment hook '/home/kleo/ros2_ws/src/install/my_robot_bringup/share/my_robot_bringup/hook/cmake_prefix_path.sh'
[2.292s] Level 1:colcon.colcon_core.environment:checking '/home/kleo/ros2_ws/src/install/my_robot_bringup/bin'
[2.292s] Level 1:colcon.colcon_core.environment:checking '/home/kleo/ros2_ws/src/install/my_robot_bringup/lib/pkgconfig/my_robot_bringup.pc'
[2.292s] Level 1:colcon.colcon_core.environment:checking '/home/kleo/ros2_ws/src/install/my_robot_bringup/lib/python3.10/site-packages'
[2.293s] Level 1:colcon.colcon_core.environment:checking '/home/kleo/ros2_ws/src/install/my_robot_bringup/bin'
[2.293s] INFO:colcon.colcon_core.shell:Creating package script '/home/kleo/ros2_ws/src/install/my_robot_bringup/share/my_robot_bringup/package.ps1'
[2.297s] INFO:colcon.colcon_core.shell:Creating package descriptor '/home/kleo/ros2_ws/src/install/my_robot_bringup/share/my_robot_bringup/package.dsv'
[2.298s] INFO:colcon.colcon_core.shell:Creating package script '/home/kleo/ros2_ws/src/install/my_robot_bringup/share/my_robot_bringup/package.sh'
[2.299s] INFO:colcon.colcon_core.shell:Creating package script '/home/kleo/ros2_ws/src/install/my_robot_bringup/share/my_robot_bringup/package.bash'
[2.299s] INFO:colcon.colcon_core.shell:Creating package script '/home/kleo/ros2_ws/src/install/my_robot_bringup/share/my_robot_bringup/package.zsh'
[2.299s] Level 1:colcon.colcon_core.environment:create_file_with_runtime_dependencies(/home/kleo/ros2_ws/src/install/my_robot_bringup/share/colcon-core/packages/my_robot_bringup)
[2.300s] DEBUG:colcon.colcon_parallel_executor.executor.parallel:closing loop
[2.300s] DEBUG:colcon.colcon_parallel_executor.executor.parallel:loop closed
[2.300s] DEBUG:colcon.colcon_parallel_executor.executor.parallel:run_until_complete finished with '0'
[2.300s] DEBUG:colcon.colcon_core.event_reactor:joining thread
[2.326s] INFO:colcon.colcon_core.plugin_system:Skipping extension 'colcon_notification.desktop_notification.terminal_notifier': Not used on non-Darwin systems
[2.326s] INFO:colcon.colcon_core.plugin_system:Skipping extension 'colcon_notification.desktop_notification.win32': Not used on non-Windows systems
[2.326s] INFO:colcon.colcon_notification.desktop_notification:Sending desktop notification using 'notify2'
[2.411s] DEBUG:colcon.colcon_core.event_reactor:joined thread
[2.411s] INFO:colcon.colcon_core.shell:Creating prefix script '/home/kleo/ros2_ws/src/install/local_setup.ps1'
[2.413s] INFO:colcon.colcon_core.shell:Creating prefix util module '/home/kleo/ros2_ws/src/install/_local_setup_util_ps1.py'
[2.416s] INFO:colcon.colcon_core.shell:Creating prefix chain script '/home/kleo/ros2_ws/src/install/setup.ps1'
[2.418s] INFO:colcon.colcon_core.shell:Creating prefix script '/home/kleo/ros2_ws/src/install/local_setup.sh'
[2.419s] INFO:colcon.colcon_core.shell:Creating prefix util module '/home/kleo/ros2_ws/src/install/_local_setup_util_sh.py'
[2.420s] INFO:colcon.colcon_core.shell:Creating prefix chain script '/home/kleo/ros2_ws/src/install/setup.sh'
[2.422s] INFO:colcon.colcon_core.shell:Creating prefix script '/home/kleo/ros2_ws/src/install/local_setup.bash'
[2.423s] INFO:colcon.colcon_core.shell:Creating prefix chain script '/home/kleo/ros2_ws/src/install/setup.bash'
[2.425s] INFO:colcon.colcon_core.shell:Creating prefix script '/home/kleo/ros2_ws/src/install/local_setup.zsh'
[2.426s] INFO:colcon.colcon_core.shell:Creating prefix chain script '/home/kleo/ros2_ws/src/install/setup.zsh'
