[0.026s] Invoking command in '/home/kleo/ros2_ws/src/build/my_robot_bringup': AMENT_PREFIX_PATH=/home/kleo/ros2_ws/src/install/my_robot_description:${AMENT_PREFIX_PATH} CMAKE_PREFIX_PATH=/home/kleo/ros2_ws/src/install/my_robot_description:/home/kleo/ros2_ws/install/my_robot_bringup:/home/kleo/ros2_ws/install/my_robot_description:/opt/ros/humble /usr/bin/cmake --build /home/kleo/ros2_ws/src/build/my_robot_bringup -- -j3 -l3
[0.087s] Invoked command in '/home/kleo/ros2_ws/src/build/my_robot_bringup' returned '0': AMENT_PREFIX_PATH=/home/kleo/ros2_ws/src/install/my_robot_description:${AMENT_PREFIX_PATH} CMAKE_PREFIX_PATH=/home/kleo/ros2_ws/src/install/my_robot_description:/home/kleo/ros2_ws/install/my_robot_bringup:/home/kleo/ros2_ws/install/my_robot_description:/opt/ros/humble /usr/bin/cmake --build /home/kleo/ros2_ws/src/build/my_robot_bringup -- -j3 -l3
[0.095s] Invoking command in '/home/kleo/ros2_ws/src/build/my_robot_bringup': AMENT_PREFIX_PATH=/home/kleo/ros2_ws/src/install/my_robot_description:${AMENT_PREFIX_PATH} CMAKE_PREFIX_PATH=/home/kleo/ros2_ws/src/install/my_robot_description:/home/kleo/ros2_ws/install/my_robot_bringup:/home/kleo/ros2_ws/install/my_robot_description:/opt/ros/humble /usr/bin/cmake --install /home/kleo/ros2_ws/src/build/my_robot_bringup
[0.106s] -- Install configuration: ""
[0.110s] -- Execute custom install script
[0.112s] -- Up-to-date symlink: /home/kleo/ros2_ws/src/install/my_robot_bringup/share/my_robot_bringup//launch/my_robot_gazebo.launch.xml
[0.113s] -- Up-to-date symlink: /home/kleo/ros2_ws/src/install/my_robot_bringup/share/my_robot_bringup//rviz/urdf_config.rviz
[0.117s] -- Up-to-date symlink: /home/kleo/ros2_ws/src/install/my_robot_bringup/share/my_robot_bringup//worlds/my_world.world
[0.118s] -- Up-to-date symlink: /home/kleo/ros2_ws/src/install/my_robot_bringup/share/ament_index/resource_index/package_run_dependencies/my_robot_bringup
[0.119s] -- Up-to-date symlink: /home/kleo/ros2_ws/src/install/my_robot_bringup/share/ament_index/resource_index/parent_prefix_path/my_robot_bringup
[0.120s] -- Up-to-date symlink: /home/kleo/ros2_ws/src/install/my_robot_bringup/share/my_robot_bringup/environment/ament_prefix_path.sh
[0.121s] -- Up-to-date symlink: /home/kleo/ros2_ws/src/install/my_robot_bringup/share/my_robot_bringup/environment/ament_prefix_path.dsv
[0.122s] -- Up-to-date symlink: /home/kleo/ros2_ws/src/install/my_robot_bringup/share/my_robot_bringup/environment/path.sh
[0.122s] -- Up-to-date symlink: /home/kleo/ros2_ws/src/install/my_robot_bringup/share/my_robot_bringup/environment/path.dsv
[0.122s] -- Up-to-date symlink: /home/kleo/ros2_ws/src/install/my_robot_bringup/share/my_robot_bringup/local_setup.bash
[0.123s] -- Up-to-date symlink: /home/kleo/ros2_ws/src/install/my_robot_bringup/share/my_robot_bringup/local_setup.sh
[0.123s] -- Up-to-date symlink: /home/kleo/ros2_ws/src/install/my_robot_bringup/share/my_robot_bringup/local_setup.zsh
[0.124s] -- Up-to-date symlink: /home/kleo/ros2_ws/src/install/my_robot_bringup/share/my_robot_bringup/local_setup.dsv
[0.124s] -- Symlinking: /home/kleo/ros2_ws/src/install/my_robot_bringup/share/my_robot_bringup/package.dsv
[0.136s] -- Up-to-date symlink: /home/kleo/ros2_ws/src/install/my_robot_bringup/share/ament_index/resource_index/packages/my_robot_bringup
[0.137s] -- Up-to-date symlink: /home/kleo/ros2_ws/src/install/my_robot_bringup/share/my_robot_bringup/cmake/my_robot_bringupConfig.cmake
[0.138s] -- Up-to-date symlink: /home/kleo/ros2_ws/src/install/my_robot_bringup/share/my_robot_bringup/cmake/my_robot_bringupConfig-version.cmake
[0.138s] -- Up-to-date symlink: /home/kleo/ros2_ws/src/install/my_robot_bringup/share/my_robot_bringup/package.xml
[0.140s] Invoked command in '/home/kleo/ros2_ws/src/build/my_robot_bringup' returned '0': AMENT_PREFIX_PATH=/home/kleo/ros2_ws/src/install/my_robot_description:${AMENT_PREFIX_PATH} CMAKE_PREFIX_PATH=/home/kleo/ros2_ws/src/install/my_robot_description:/home/kleo/ros2_ws/install/my_robot_bringup:/home/kleo/ros2_ws/install/my_robot_description:/opt/ros/humble /usr/bin/cmake --install /home/kleo/ros2_ws/src/build/my_robot_bringup
