[0.048s] Invoking command in '/home/kleo/ros2_ws/src/build/my_robot_description': CMAKE_PREFIX_PATH=${CMAKE_PREFIX_PATH}:/opt/ros/humble /usr/bin/cmake /home/kleo/ros2_ws/src/my_robot_description -DAMENT_CMAKE_SYMLINK_INSTALL=1 -DCMAKE_INSTALL_PREFIX=/home/kleo/ros2_ws/src/install/my_robot_description
[0.165s] -- Found ament_cmake: 1.3.11 (/opt/ros/humble/share/ament_cmake/cmake)
[0.306s] -- Override CMake install command with custom implementation using symlinks instead of copying resources
[0.400s] -- Configuring done
[0.436s] -- Generating done
[0.446s] -- Build files have been written to: /home/kleo/ros2_ws/src/build/my_robot_description
[0.456s] Invoked command in '/home/kleo/ros2_ws/src/build/my_robot_description' returned '0': CMAKE_PREFIX_PATH=${CMAKE_PREFIX_PATH}:/opt/ros/humble /usr/bin/cmake /home/kleo/ros2_ws/src/my_robot_description -DAMENT_CMAKE_SYMLINK_INSTALL=1 -DCMAKE_INSTALL_PREFIX=/home/kleo/ros2_ws/src/install/my_robot_description
[0.460s] Invoking command in '/home/kleo/ros2_ws/src/build/my_robot_description': CMAKE_PREFIX_PATH=${CMAKE_PREFIX_PATH}:/opt/ros/humble /usr/bin/cmake --build /home/kleo/ros2_ws/src/build/my_robot_description -- -j3 -l3
[0.523s] Invoked command in '/home/kleo/ros2_ws/src/build/my_robot_description' returned '0': CMAKE_PREFIX_PATH=${CMAKE_PREFIX_PATH}:/opt/ros/humble /usr/bin/cmake --build /home/kleo/ros2_ws/src/build/my_robot_description -- -j3 -l3
[0.540s] Invoking command in '/home/kleo/ros2_ws/src/build/my_robot_description': CMAKE_PREFIX_PATH=${CMAKE_PREFIX_PATH}:/opt/ros/humble /usr/bin/cmake --install /home/kleo/ros2_ws/src/build/my_robot_description
[0.549s] -- Install configuration: ""
[0.549s] -- Execute custom install script
[0.552s] -- Up-to-date symlink: /home/kleo/ros2_ws/src/install/my_robot_description/share/my_robot_description//urdf/camera.xacro
[0.553s] -- Up-to-date symlink: /home/kleo/ros2_ws/src/install/my_robot_description/share/my_robot_description//urdf/common_properties.xacro
[0.553s] -- Up-to-date symlink: /home/kleo/ros2_ws/src/install/my_robot_description/share/my_robot_description//urdf/lidar.xacro
[0.554s] -- Up-to-date symlink: /home/kleo/ros2_ws/src/install/my_robot_description/share/my_robot_description//urdf/mobile_base.xacro
[0.554s] -- Up-to-date symlink: /home/kleo/ros2_ws/src/install/my_robot_description/share/my_robot_description//urdf/mobile_base_gazebo.xacro
[0.554s] -- Up-to-date symlink: /home/kleo/ros2_ws/src/install/my_robot_description/share/my_robot_description//urdf/my_robot.urdf.xacro
[0.554s] -- Up-to-date symlink: /home/kleo/ros2_ws/src/install/my_robot_description/share/my_robot_description//launch/display.launch.xml
[0.554s] -- Up-to-date symlink: /home/kleo/ros2_ws/src/install/my_robot_description/share/my_robot_description//rviz/urdf_config.rviz
[0.555s] -- Up-to-date symlink: /home/kleo/ros2_ws/src/install/my_robot_description/share/ament_index/resource_index/package_run_dependencies/my_robot_description
[0.555s] -- Up-to-date symlink: /home/kleo/ros2_ws/src/install/my_robot_description/share/ament_index/resource_index/parent_prefix_path/my_robot_description
[0.555s] -- Up-to-date symlink: /home/kleo/ros2_ws/src/install/my_robot_description/share/my_robot_description/environment/ament_prefix_path.sh
[0.555s] -- Up-to-date symlink: /home/kleo/ros2_ws/src/install/my_robot_description/share/my_robot_description/environment/ament_prefix_path.dsv
[0.558s] -- Up-to-date symlink: /home/kleo/ros2_ws/src/install/my_robot_description/share/my_robot_description/environment/path.sh
[0.558s] -- Up-to-date symlink: /home/kleo/ros2_ws/src/install/my_robot_description/share/my_robot_description/environment/path.dsv
[0.558s] -- Up-to-date symlink: /home/kleo/ros2_ws/src/install/my_robot_description/share/my_robot_description/local_setup.bash
[0.558s] -- Up-to-date symlink: /home/kleo/ros2_ws/src/install/my_robot_description/share/my_robot_description/local_setup.sh
[0.558s] -- Up-to-date symlink: /home/kleo/ros2_ws/src/install/my_robot_description/share/my_robot_description/local_setup.zsh
[0.558s] -- Up-to-date symlink: /home/kleo/ros2_ws/src/install/my_robot_description/share/my_robot_description/local_setup.dsv
[0.559s] -- Symlinking: /home/kleo/ros2_ws/src/install/my_robot_description/share/my_robot_description/package.dsv
[0.574s] -- Up-to-date symlink: /home/kleo/ros2_ws/src/install/my_robot_description/share/ament_index/resource_index/packages/my_robot_description
[0.574s] -- Up-to-date symlink: /home/kleo/ros2_ws/src/install/my_robot_description/share/my_robot_description/cmake/my_robot_descriptionConfig.cmake
[0.575s] -- Up-to-date symlink: /home/kleo/ros2_ws/src/install/my_robot_description/share/my_robot_description/cmake/my_robot_descriptionConfig-version.cmake
[0.575s] -- Up-to-date symlink: /home/kleo/ros2_ws/src/install/my_robot_description/share/my_robot_description/package.xml
[0.578s] Invoked command in '/home/kleo/ros2_ws/src/build/my_robot_description' returned '0': CMAKE_PREFIX_PATH=${CMAKE_PREFIX_PATH}:/opt/ros/humble /usr/bin/cmake --install /home/kleo/ros2_ws/src/build/my_robot_description
