[0.441s] DEBUG:colcon:Command line arguments: ['/usr/bin/colcon', 'build']
[0.442s] DEBUG:colcon:Parsed command line arguments: Namespace(log_base=None, log_level=None, verb_name='build', build_base='build', install_base='install', merge_install=False, symlink_install=False, test_result_base=None, continue_on_error=False, executor='parallel', parallel_workers=3, event_handlers=None, ignore_user_meta=False, metas=['./colcon.meta'], base_paths=['.'], packages_ignore=None, packages_ignore_regex=None, paths=None, packages_up_to=None, packages_up_to_regex=None, packages_above=None, packages_above_and_dependencies=None, packages_above_depth=None, packages_select_by_dep=None, packages_skip_by_dep=None, packages_skip_up_to=None, packages_select_build_failed=False, packages_skip_build_finished=False, packages_select_test_failures=False, packages_skip_test_passed=False, packages_select=None, packages_skip=None, packages_select_regex=None, packages_skip_regex=None, packages_start=None, packages_end=None, allow_overriding=[], cmake_args=None, cmake_target=None, cmake_target_skip_unavailable=False, cmake_clean_cache=False, cmake_clean_first=False, cmake_force_configure=False, ament_cmake_args=None, catkin_cmake_args=None, catkin_skip_building_tests=False, verb_parser=<colcon_defaults.argument_parser.defaults.DefaultArgumentsDecorator object at 0x705923123460>, verb_extension=<colcon_core.verb.build.BuildVerb object at 0x705923268910>, main=<bound method BuildVerb.main of <colcon_core.verb.build.BuildVerb object at 0x705923268910>>)
[0.969s] Level 1:colcon.colcon_core.package_discovery:discover_packages(colcon_meta) check parameters
[0.969s] Level 1:colcon.colcon_core.package_discovery:discover_packages(recursive) check parameters
[0.969s] Level 1:colcon.colcon_core.package_discovery:discover_packages(ignore) check parameters
[0.969s] Level 1:colcon.colcon_core.package_discovery:discover_packages(path) check parameters
[0.969s] Level 1:colcon.colcon_core.package_discovery:discover_packages(colcon_meta) discover
[0.969s] Level 1:colcon.colcon_core.package_discovery:discover_packages(recursive) discover
[0.969s] INFO:colcon.colcon_core.package_discovery:Crawling recursively for packages in '/home/kleo/ros2_ws/src'
[0.970s] Level 1:colcon.colcon_core.package_identification:_identify(.) by extensions ['ignore', 'ignore_ament_install']
[0.970s] Level 1:colcon.colcon_core.package_identification:_identify(.) by extension 'ignore'
[0.970s] Level 1:colcon.colcon_core.package_identification:_identify(.) by extension 'ignore_ament_install'
[0.970s] Level 1:colcon.colcon_core.package_identification:_identify(.) by extensions ['colcon_pkg']
[0.970s] Level 1:colcon.colcon_core.package_identification:_identify(.) by extension 'colcon_pkg'
[0.970s] Level 1:colcon.colcon_core.package_identification:_identify(.) by extensions ['colcon_meta']
[0.970s] Level 1:colcon.colcon_core.package_identification:_identify(.) by extension 'colcon_meta'
[0.970s] Level 1:colcon.colcon_core.package_identification:_identify(.) by extensions ['ros']
[0.970s] Level 1:colcon.colcon_core.package_identification:_identify(.) by extension 'ros'
[1.020s] Level 1:colcon.colcon_core.package_identification:_identify(.) by extensions ['cmake', 'python']
[1.020s] Level 1:colcon.colcon_core.package_identification:_identify(.) by extension 'cmake'
[1.020s] Level 1:colcon.colcon_core.package_identification:_identify(.) by extension 'python'
[1.020s] Level 1:colcon.colcon_core.package_identification:_identify(.) by extensions ['python_setup_py']
[1.020s] Level 1:colcon.colcon_core.package_identification:_identify(.) by extension 'python_setup_py'
[1.020s] Level 1:colcon.colcon_core.package_identification:_identify(build) by extensions ['ignore', 'ignore_ament_install']
[1.020s] Level 1:colcon.colcon_core.package_identification:_identify(build) by extension 'ignore'
[1.020s] Level 1:colcon.colcon_core.package_identification:_identify(build) ignored
[1.021s] Level 1:colcon.colcon_core.package_identification:_identify(install) by extensions ['ignore', 'ignore_ament_install']
[1.021s] Level 1:colcon.colcon_core.package_identification:_identify(install) by extension 'ignore'
[1.021s] Level 1:colcon.colcon_core.package_identification:_identify(install) ignored
[1.021s] Level 1:colcon.colcon_core.package_identification:_identify(log) by extensions ['ignore', 'ignore_ament_install']
[1.021s] Level 1:colcon.colcon_core.package_identification:_identify(log) by extension 'ignore'
[1.021s] Level 1:colcon.colcon_core.package_identification:_identify(log) ignored
[1.021s] Level 1:colcon.colcon_core.package_identification:_identify(my_robot_bringup) by extensions ['ignore', 'ignore_ament_install']
[1.021s] Level 1:colcon.colcon_core.package_identification:_identify(my_robot_bringup) by extension 'ignore'
[1.021s] Level 1:colcon.colcon_core.package_identification:_identify(my_robot_bringup) by extension 'ignore_ament_install'
[1.021s] Level 1:colcon.colcon_core.package_identification:_identify(my_robot_bringup) by extensions ['colcon_pkg']
[1.021s] Level 1:colcon.colcon_core.package_identification:_identify(my_robot_bringup) by extension 'colcon_pkg'
[1.021s] Level 1:colcon.colcon_core.package_identification:_identify(my_robot_bringup) by extensions ['colcon_meta']
[1.021s] Level 1:colcon.colcon_core.package_identification:_identify(my_robot_bringup) by extension 'colcon_meta'
[1.021s] Level 1:colcon.colcon_core.package_identification:_identify(my_robot_bringup) by extensions ['ros']
[1.021s] Level 1:colcon.colcon_core.package_identification:_identify(my_robot_bringup) by extension 'ros'
[1.028s] DEBUG:colcon.colcon_core.package_identification:Package 'my_robot_bringup' with type 'ros.ament_cmake' and name 'my_robot_bringup'
[1.029s] Level 1:colcon.colcon_core.package_identification:_identify(my_robot_description) by extensions ['ignore', 'ignore_ament_install']
[1.029s] Level 1:colcon.colcon_core.package_identification:_identify(my_robot_description) by extension 'ignore'
[1.029s] Level 1:colcon.colcon_core.package_identification:_identify(my_robot_description) by extension 'ignore_ament_install'
[1.029s] Level 1:colcon.colcon_core.package_identification:_identify(my_robot_description) by extensions ['colcon_pkg']
[1.029s] Level 1:colcon.colcon_core.package_identification:_identify(my_robot_description) by extension 'colcon_pkg'
[1.029s] Level 1:colcon.colcon_core.package_identification:_identify(my_robot_description) by extensions ['colcon_meta']
[1.029s] Level 1:colcon.colcon_core.package_identification:_identify(my_robot_description) by extension 'colcon_meta'
[1.030s] Level 1:colcon.colcon_core.package_identification:_identify(my_robot_description) by extensions ['ros']
[1.030s] Level 1:colcon.colcon_core.package_identification:_identify(my_robot_description) by extension 'ros'
[1.031s] DEBUG:colcon.colcon_core.package_identification:Package 'my_robot_description' with type 'ros.ament_cmake' and name 'my_robot_description'
[1.031s] Level 1:colcon.colcon_core.package_discovery:discover_packages(recursive) using defaults
[1.031s] Level 1:colcon.colcon_core.package_discovery:discover_packages(ignore) discover
[1.031s] Level 1:colcon.colcon_core.package_discovery:discover_packages(ignore) using defaults
[1.031s] Level 1:colcon.colcon_core.package_discovery:discover_packages(path) discover
[1.031s] Level 1:colcon.colcon_core.package_discovery:discover_packages(path) using defaults
[1.112s] Level 1:colcon.colcon_core.package_discovery:discover_packages(prefix_path) check parameters
[1.112s] Level 1:colcon.colcon_core.package_discovery:discover_packages(prefix_path) discover
[1.136s] DEBUG:colcon.colcon_installed_package_information.package_discovery:Found 2 installed packages in /home/kleo/ros2_ws/install
[1.139s] DEBUG:colcon.colcon_installed_package_information.package_discovery:Found 296 installed packages in /opt/ros/humble
[1.157s] Level 1:colcon.colcon_core.package_discovery:discover_packages(prefix_path) using defaults
[1.261s] Level 5:colcon.colcon_core.verb:set package 'my_robot_description' build argument 'cmake_args' from command line to 'None'
[1.261s] Level 5:colcon.colcon_core.verb:set package 'my_robot_description' build argument 'cmake_target' from command line to 'None'
[1.261s] Level 5:colcon.colcon_core.verb:set package 'my_robot_description' build argument 'cmake_target_skip_unavailable' from command line to 'False'
[1.261s] Level 5:colcon.colcon_core.verb:set package 'my_robot_description' build argument 'cmake_clean_cache' from command line to 'False'
[1.261s] Level 5:colcon.colcon_core.verb:set package 'my_robot_description' build argument 'cmake_clean_first' from command line to 'False'
[1.261s] Level 5:colcon.colcon_core.verb:set package 'my_robot_description' build argument 'cmake_force_configure' from command line to 'False'
[1.261s] Level 5:colcon.colcon_core.verb:set package 'my_robot_description' build argument 'ament_cmake_args' from command line to 'None'
[1.261s] Level 5:colcon.colcon_core.verb:set package 'my_robot_description' build argument 'catkin_cmake_args' from command line to 'None'
[1.261s] Level 5:colcon.colcon_core.verb:set package 'my_robot_description' build argument 'catkin_skip_building_tests' from command line to 'False'
[1.261s] DEBUG:colcon.colcon_core.verb:Building package 'my_robot_description' with the following arguments: {'ament_cmake_args': None, 'build_base': '/home/kleo/ros2_ws/src/build/my_robot_description', 'catkin_cmake_args': None, 'catkin_skip_building_tests': False, 'cmake_args': None, 'cmake_clean_cache': False, 'cmake_clean_first': False, 'cmake_force_configure': False, 'cmake_target': None, 'cmake_target_skip_unavailable': False, 'install_base': '/home/kleo/ros2_ws/src/install/my_robot_description', 'merge_install': False, 'path': '/home/kleo/ros2_ws/src/my_robot_description', 'symlink_install': False, 'test_result_base': None}
[1.261s] Level 5:colcon.colcon_core.verb:set package 'my_robot_bringup' build argument 'cmake_args' from command line to 'None'
[1.261s] Level 5:colcon.colcon_core.verb:set package 'my_robot_bringup' build argument 'cmake_target' from command line to 'None'
[1.261s] Level 5:colcon.colcon_core.verb:set package 'my_robot_bringup' build argument 'cmake_target_skip_unavailable' from command line to 'False'
[1.261s] Level 5:colcon.colcon_core.verb:set package 'my_robot_bringup' build argument 'cmake_clean_cache' from command line to 'False'
[1.261s] Level 5:colcon.colcon_core.verb:set package 'my_robot_bringup' build argument 'cmake_clean_first' from command line to 'False'
[1.262s] Level 5:colcon.colcon_core.verb:set package 'my_robot_bringup' build argument 'cmake_force_configure' from command line to 'False'
[1.262s] Level 5:colcon.colcon_core.verb:set package 'my_robot_bringup' build argument 'ament_cmake_args' from command line to 'None'
[1.262s] Level 5:colcon.colcon_core.verb:set package 'my_robot_bringup' build argument 'catkin_cmake_args' from command line to 'None'
[1.262s] Level 5:colcon.colcon_core.verb:set package 'my_robot_bringup' build argument 'catkin_skip_building_tests' from command line to 'False'
[1.262s] DEBUG:colcon.colcon_core.verb:Building package 'my_robot_bringup' with the following arguments: {'ament_cmake_args': None, 'build_base': '/home/kleo/ros2_ws/src/build/my_robot_bringup', 'catkin_cmake_args': None, 'catkin_skip_building_tests': False, 'cmake_args': None, 'cmake_clean_cache': False, 'cmake_clean_first': False, 'cmake_force_configure': False, 'cmake_target': None, 'cmake_target_skip_unavailable': False, 'install_base': '/home/kleo/ros2_ws/src/install/my_robot_bringup', 'merge_install': False, 'path': '/home/kleo/ros2_ws/src/my_robot_bringup', 'symlink_install': False, 'test_result_base': None}
[1.262s] INFO:colcon.colcon_core.executor:Executing jobs using 'parallel' executor
[1.263s] DEBUG:colcon.colcon_parallel_executor.executor.parallel:run_until_complete
[1.264s] INFO:colcon.colcon_ros.task.ament_cmake.build:Building ROS package in '/home/kleo/ros2_ws/src/my_robot_description' with build type 'ament_cmake'
[1.264s] INFO:colcon.colcon_cmake.task.cmake.build:Building CMake package in '/home/kleo/ros2_ws/src/my_robot_description'
[1.278s] INFO:colcon.colcon_core.plugin_system:Skipping extension 'colcon_core.shell.bat': Not used on non-Windows systems
[1.278s] INFO:colcon.colcon_core.shell:Skip shell extension 'powershell' for command environment: Not usable outside of PowerShell
[1.278s] DEBUG:colcon.colcon_core.shell:Skip shell extension 'dsv' for command environment
[1.329s] DEBUG:colcon.colcon_core.event_handler.log_command:Invoking command in '/home/kleo/ros2_ws/src/build/my_robot_description': CMAKE_PREFIX_PATH=${CMAKE_PREFIX_PATH}:/opt/ros/humble /usr/bin/cmake /home/kleo/ros2_ws/src/my_robot_description -DCMAKE_INSTALL_PREFIX=/home/kleo/ros2_ws/src/install/my_robot_description
[2.013s] DEBUG:colcon.colcon_core.event_handler.log_command:Invoked command in '/home/kleo/ros2_ws/src/build/my_robot_description' returned '0': CMAKE_PREFIX_PATH=${CMAKE_PREFIX_PATH}:/opt/ros/humble /usr/bin/cmake /home/kleo/ros2_ws/src/my_robot_description -DCMAKE_INSTALL_PREFIX=/home/kleo/ros2_ws/src/install/my_robot_description
[2.014s] DEBUG:colcon.colcon_core.event_handler.log_command:Invoking command in '/home/kleo/ros2_ws/src/build/my_robot_description': CMAKE_PREFIX_PATH=${CMAKE_PREFIX_PATH}:/opt/ros/humble /usr/bin/cmake --build /home/kleo/ros2_ws/src/build/my_robot_description -- -j3 -l3
[2.080s] DEBUG:colcon.colcon_core.event_handler.log_command:Invoked command in '/home/kleo/ros2_ws/src/build/my_robot_description' returned '0': CMAKE_PREFIX_PATH=${CMAKE_PREFIX_PATH}:/opt/ros/humble /usr/bin/cmake --build /home/kleo/ros2_ws/src/build/my_robot_description -- -j3 -l3
[2.096s] DEBUG:colcon.colcon_core.event_handler.log_command:Invoking command in '/home/kleo/ros2_ws/src/build/my_robot_description': CMAKE_PREFIX_PATH=${CMAKE_PREFIX_PATH}:/opt/ros/humble /usr/bin/cmake --install /home/kleo/ros2_ws/src/build/my_robot_description
[2.137s] Level 1:colcon.colcon_core.environment:create_environment_scripts_only(my_robot_description)
[2.140s] DEBUG:colcon.colcon_core.event_handler.log_command:Invoked command in '/home/kleo/ros2_ws/src/build/my_robot_description' returned '0': CMAKE_PREFIX_PATH=${CMAKE_PREFIX_PATH}:/opt/ros/humble /usr/bin/cmake --install /home/kleo/ros2_ws/src/build/my_robot_description
[2.150s] Level 1:colcon.colcon_core.environment:checking '/home/kleo/ros2_ws/src/install/my_robot_description' for CMake module files
[2.151s] Level 1:colcon.colcon_core.environment:checking '/home/kleo/ros2_ws/src/install/my_robot_description' for CMake config files
[2.151s] Level 1:colcon.colcon_core.shell:create_environment_hook('my_robot_description', 'cmake_prefix_path')
[2.151s] INFO:colcon.colcon_core.shell:Creating environment hook '/home/kleo/ros2_ws/src/install/my_robot_description/share/my_robot_description/hook/cmake_prefix_path.ps1'
[2.152s] INFO:colcon.colcon_core.shell:Creating environment descriptor '/home/kleo/ros2_ws/src/install/my_robot_description/share/my_robot_description/hook/cmake_prefix_path.dsv'
[2.153s] INFO:colcon.colcon_core.shell:Creating environment hook '/home/kleo/ros2_ws/src/install/my_robot_description/share/my_robot_description/hook/cmake_prefix_path.sh'
[2.157s] Level 1:colcon.colcon_core.environment:checking '/home/kleo/ros2_ws/src/install/my_robot_description/bin'
[2.157s] Level 1:colcon.colcon_core.environment:checking '/home/kleo/ros2_ws/src/install/my_robot_description/lib/pkgconfig/my_robot_description.pc'
[2.157s] Level 1:colcon.colcon_core.environment:checking '/home/kleo/ros2_ws/src/install/my_robot_description/lib/python3.10/site-packages'
[2.157s] Level 1:colcon.colcon_core.environment:checking '/home/kleo/ros2_ws/src/install/my_robot_description/bin'
[2.157s] INFO:colcon.colcon_core.shell:Creating package script '/home/kleo/ros2_ws/src/install/my_robot_description/share/my_robot_description/package.ps1'
[2.158s] INFO:colcon.colcon_core.shell:Creating package descriptor '/home/kleo/ros2_ws/src/install/my_robot_description/share/my_robot_description/package.dsv'
[2.160s] INFO:colcon.colcon_core.shell:Creating package script '/home/kleo/ros2_ws/src/install/my_robot_description/share/my_robot_description/package.sh'
[2.161s] INFO:colcon.colcon_core.shell:Creating package script '/home/kleo/ros2_ws/src/install/my_robot_description/share/my_robot_description/package.bash'
[2.162s] INFO:colcon.colcon_core.shell:Creating package script '/home/kleo/ros2_ws/src/install/my_robot_description/share/my_robot_description/package.zsh'
[2.163s] Level 1:colcon.colcon_core.environment:create_file_with_runtime_dependencies(/home/kleo/ros2_ws/src/install/my_robot_description/share/colcon-core/packages/my_robot_description)
[2.164s] Level 1:colcon.colcon_core.environment:create_environment_scripts_only(my_robot_description)
[2.164s] Level 1:colcon.colcon_core.environment:checking '/home/kleo/ros2_ws/src/install/my_robot_description' for CMake module files
[2.164s] Level 1:colcon.colcon_core.environment:checking '/home/kleo/ros2_ws/src/install/my_robot_description' for CMake config files
[2.165s] Level 1:colcon.colcon_core.shell:create_environment_hook('my_robot_description', 'cmake_prefix_path')
[2.165s] INFO:colcon.colcon_core.shell:Creating environment hook '/home/kleo/ros2_ws/src/install/my_robot_description/share/my_robot_description/hook/cmake_prefix_path.ps1'
[2.165s] INFO:colcon.colcon_core.shell:Creating environment descriptor '/home/kleo/ros2_ws/src/install/my_robot_description/share/my_robot_description/hook/cmake_prefix_path.dsv'
[2.166s] INFO:colcon.colcon_core.shell:Creating environment hook '/home/kleo/ros2_ws/src/install/my_robot_description/share/my_robot_description/hook/cmake_prefix_path.sh'
[2.167s] Level 1:colcon.colcon_core.environment:checking '/home/kleo/ros2_ws/src/install/my_robot_description/bin'
[2.167s] Level 1:colcon.colcon_core.environment:checking '/home/kleo/ros2_ws/src/install/my_robot_description/lib/pkgconfig/my_robot_description.pc'
[2.167s] Level 1:colcon.colcon_core.environment:checking '/home/kleo/ros2_ws/src/install/my_robot_description/lib/python3.10/site-packages'
[2.167s] Level 1:colcon.colcon_core.environment:checking '/home/kleo/ros2_ws/src/install/my_robot_description/bin'
[2.167s] INFO:colcon.colcon_core.shell:Creating package script '/home/kleo/ros2_ws/src/install/my_robot_description/share/my_robot_description/package.ps1'
[2.168s] INFO:colcon.colcon_core.shell:Creating package descriptor '/home/kleo/ros2_ws/src/install/my_robot_description/share/my_robot_description/package.dsv'
[2.168s] INFO:colcon.colcon_core.shell:Creating package script '/home/kleo/ros2_ws/src/install/my_robot_description/share/my_robot_description/package.sh'
[2.169s] INFO:colcon.colcon_core.shell:Creating package script '/home/kleo/ros2_ws/src/install/my_robot_description/share/my_robot_description/package.bash'
[2.169s] INFO:colcon.colcon_core.shell:Creating package script '/home/kleo/ros2_ws/src/install/my_robot_description/share/my_robot_description/package.zsh'
[2.170s] Level 1:colcon.colcon_core.environment:create_file_with_runtime_dependencies(/home/kleo/ros2_ws/src/install/my_robot_description/share/colcon-core/packages/my_robot_description)
[2.171s] INFO:colcon.colcon_ros.task.ament_cmake.build:Building ROS package in '/home/kleo/ros2_ws/src/my_robot_bringup' with build type 'ament_cmake'
[2.172s] INFO:colcon.colcon_cmake.task.cmake.build:Building CMake package in '/home/kleo/ros2_ws/src/my_robot_bringup'
[2.173s] INFO:colcon.colcon_core.shell:Skip shell extension 'powershell' for command environment: Not usable outside of PowerShell
[2.173s] DEBUG:colcon.colcon_core.shell:Skip shell extension 'dsv' for command environment
[2.203s] DEBUG:colcon.colcon_core.event_handler.log_command:Invoking command in '/home/kleo/ros2_ws/src/build/my_robot_bringup': AMENT_PREFIX_PATH=/home/kleo/ros2_ws/src/install/my_robot_description:${AMENT_PREFIX_PATH} CMAKE_PREFIX_PATH=/home/kleo/ros2_ws/src/install/my_robot_description:/home/kleo/ros2_ws/install/my_robot_bringup:/home/kleo/ros2_ws/install/my_robot_description:/opt/ros/humble /usr/bin/cmake /home/kleo/ros2_ws/src/my_robot_bringup -DCMAKE_INSTALL_PREFIX=/home/kleo/ros2_ws/src/install/my_robot_bringup
[2.474s] DEBUG:colcon.colcon_core.event_handler.log_command:Invoked command in '/home/kleo/ros2_ws/src/build/my_robot_bringup' returned '0': AMENT_PREFIX_PATH=/home/kleo/ros2_ws/src/install/my_robot_description:${AMENT_PREFIX_PATH} CMAKE_PREFIX_PATH=/home/kleo/ros2_ws/src/install/my_robot_description:/home/kleo/ros2_ws/install/my_robot_bringup:/home/kleo/ros2_ws/install/my_robot_description:/opt/ros/humble /usr/bin/cmake /home/kleo/ros2_ws/src/my_robot_bringup -DCMAKE_INSTALL_PREFIX=/home/kleo/ros2_ws/src/install/my_robot_bringup
[2.474s] DEBUG:colcon.colcon_core.event_handler.log_command:Invoking command in '/home/kleo/ros2_ws/src/build/my_robot_bringup': AMENT_PREFIX_PATH=/home/kleo/ros2_ws/src/install/my_robot_description:${AMENT_PREFIX_PATH} CMAKE_PREFIX_PATH=/home/kleo/ros2_ws/src/install/my_robot_description:/home/kleo/ros2_ws/install/my_robot_bringup:/home/kleo/ros2_ws/install/my_robot_description:/opt/ros/humble /usr/bin/cmake --build /home/kleo/ros2_ws/src/build/my_robot_bringup -- -j3 -l3
[2.533s] DEBUG:colcon.colcon_core.event_handler.log_command:Invoked command in '/home/kleo/ros2_ws/src/build/my_robot_bringup' returned '0': AMENT_PREFIX_PATH=/home/kleo/ros2_ws/src/install/my_robot_description:${AMENT_PREFIX_PATH} CMAKE_PREFIX_PATH=/home/kleo/ros2_ws/src/install/my_robot_description:/home/kleo/ros2_ws/install/my_robot_bringup:/home/kleo/ros2_ws/install/my_robot_description:/opt/ros/humble /usr/bin/cmake --build /home/kleo/ros2_ws/src/build/my_robot_bringup -- -j3 -l3
[2.537s] DEBUG:colcon.colcon_core.event_handler.log_command:Invoking command in '/home/kleo/ros2_ws/src/build/my_robot_bringup': AMENT_PREFIX_PATH=/home/kleo/ros2_ws/src/install/my_robot_description:${AMENT_PREFIX_PATH} CMAKE_PREFIX_PATH=/home/kleo/ros2_ws/src/install/my_robot_description:/home/kleo/ros2_ws/install/my_robot_bringup:/home/kleo/ros2_ws/install/my_robot_description:/opt/ros/humble /usr/bin/cmake --install /home/kleo/ros2_ws/src/build/my_robot_bringup
[2.567s] Level 1:colcon.colcon_core.environment:create_environment_scripts_only(my_robot_bringup)
[2.568s] DEBUG:colcon.colcon_core.event_handler.log_command:Invoked command in '/home/kleo/ros2_ws/src/build/my_robot_bringup' returned '0': AMENT_PREFIX_PATH=/home/kleo/ros2_ws/src/install/my_robot_description:${AMENT_PREFIX_PATH} CMAKE_PREFIX_PATH=/home/kleo/ros2_ws/src/install/my_robot_description:/home/kleo/ros2_ws/install/my_robot_bringup:/home/kleo/ros2_ws/install/my_robot_description:/opt/ros/humble /usr/bin/cmake --install /home/kleo/ros2_ws/src/build/my_robot_bringup
[2.568s] Level 1:colcon.colcon_core.environment:checking '/home/kleo/ros2_ws/src/install/my_robot_bringup' for CMake module files
[2.569s] Level 1:colcon.colcon_core.environment:checking '/home/kleo/ros2_ws/src/install/my_robot_bringup' for CMake config files
[2.569s] Level 1:colcon.colcon_core.shell:create_environment_hook('my_robot_bringup', 'cmake_prefix_path')
[2.569s] INFO:colcon.colcon_core.shell:Creating environment hook '/home/kleo/ros2_ws/src/install/my_robot_bringup/share/my_robot_bringup/hook/cmake_prefix_path.ps1'
[2.570s] INFO:colcon.colcon_core.shell:Creating environment descriptor '/home/kleo/ros2_ws/src/install/my_robot_bringup/share/my_robot_bringup/hook/cmake_prefix_path.dsv'
[2.570s] INFO:colcon.colcon_core.shell:Creating environment hook '/home/kleo/ros2_ws/src/install/my_robot_bringup/share/my_robot_bringup/hook/cmake_prefix_path.sh'
[2.571s] Level 1:colcon.colcon_core.environment:checking '/home/kleo/ros2_ws/src/install/my_robot_bringup/bin'
[2.571s] Level 1:colcon.colcon_core.environment:checking '/home/kleo/ros2_ws/src/install/my_robot_bringup/lib/pkgconfig/my_robot_bringup.pc'
[2.572s] Level 1:colcon.colcon_core.environment:checking '/home/kleo/ros2_ws/src/install/my_robot_bringup/lib/python3.10/site-packages'
[2.572s] Level 1:colcon.colcon_core.environment:checking '/home/kleo/ros2_ws/src/install/my_robot_bringup/bin'
[2.572s] INFO:colcon.colcon_core.shell:Creating package script '/home/kleo/ros2_ws/src/install/my_robot_bringup/share/my_robot_bringup/package.ps1'
[2.573s] INFO:colcon.colcon_core.shell:Creating package descriptor '/home/kleo/ros2_ws/src/install/my_robot_bringup/share/my_robot_bringup/package.dsv'
[2.574s] INFO:colcon.colcon_core.shell:Creating package script '/home/kleo/ros2_ws/src/install/my_robot_bringup/share/my_robot_bringup/package.sh'
[2.575s] INFO:colcon.colcon_core.shell:Creating package script '/home/kleo/ros2_ws/src/install/my_robot_bringup/share/my_robot_bringup/package.bash'
[2.576s] INFO:colcon.colcon_core.shell:Creating package script '/home/kleo/ros2_ws/src/install/my_robot_bringup/share/my_robot_bringup/package.zsh'
[2.576s] Level 1:colcon.colcon_core.environment:create_file_with_runtime_dependencies(/home/kleo/ros2_ws/src/install/my_robot_bringup/share/colcon-core/packages/my_robot_bringup)
[2.577s] Level 1:colcon.colcon_core.environment:create_environment_scripts_only(my_robot_bringup)
[2.577s] Level 1:colcon.colcon_core.environment:checking '/home/kleo/ros2_ws/src/install/my_robot_bringup' for CMake module files
[2.578s] Level 1:colcon.colcon_core.environment:checking '/home/kleo/ros2_ws/src/install/my_robot_bringup' for CMake config files
[2.578s] Level 1:colcon.colcon_core.shell:create_environment_hook('my_robot_bringup', 'cmake_prefix_path')
[2.578s] INFO:colcon.colcon_core.shell:Creating environment hook '/home/kleo/ros2_ws/src/install/my_robot_bringup/share/my_robot_bringup/hook/cmake_prefix_path.ps1'
[2.579s] INFO:colcon.colcon_core.shell:Creating environment descriptor '/home/kleo/ros2_ws/src/install/my_robot_bringup/share/my_robot_bringup/hook/cmake_prefix_path.dsv'
[2.580s] INFO:colcon.colcon_core.shell:Creating environment hook '/home/kleo/ros2_ws/src/install/my_robot_bringup/share/my_robot_bringup/hook/cmake_prefix_path.sh'
[2.580s] Level 1:colcon.colcon_core.environment:checking '/home/kleo/ros2_ws/src/install/my_robot_bringup/bin'
[2.581s] Level 1:colcon.colcon_core.environment:checking '/home/kleo/ros2_ws/src/install/my_robot_bringup/lib/pkgconfig/my_robot_bringup.pc'
[2.581s] Level 1:colcon.colcon_core.environment:checking '/home/kleo/ros2_ws/src/install/my_robot_bringup/lib/python3.10/site-packages'
[2.581s] Level 1:colcon.colcon_core.environment:checking '/home/kleo/ros2_ws/src/install/my_robot_bringup/bin'
[2.581s] INFO:colcon.colcon_core.shell:Creating package script '/home/kleo/ros2_ws/src/install/my_robot_bringup/share/my_robot_bringup/package.ps1'
[2.581s] INFO:colcon.colcon_core.shell:Creating package descriptor '/home/kleo/ros2_ws/src/install/my_robot_bringup/share/my_robot_bringup/package.dsv'
[2.582s] INFO:colcon.colcon_core.shell:Creating package script '/home/kleo/ros2_ws/src/install/my_robot_bringup/share/my_robot_bringup/package.sh'
[2.582s] INFO:colcon.colcon_core.shell:Creating package script '/home/kleo/ros2_ws/src/install/my_robot_bringup/share/my_robot_bringup/package.bash'
[2.583s] INFO:colcon.colcon_core.shell:Creating package script '/home/kleo/ros2_ws/src/install/my_robot_bringup/share/my_robot_bringup/package.zsh'
[2.583s] Level 1:colcon.colcon_core.environment:create_file_with_runtime_dependencies(/home/kleo/ros2_ws/src/install/my_robot_bringup/share/colcon-core/packages/my_robot_bringup)
[2.584s] DEBUG:colcon.colcon_parallel_executor.executor.parallel:closing loop
[2.584s] DEBUG:colcon.colcon_parallel_executor.executor.parallel:loop closed
[2.584s] DEBUG:colcon.colcon_parallel_executor.executor.parallel:run_until_complete finished with '0'
[2.584s] DEBUG:colcon.colcon_core.event_reactor:joining thread
[2.607s] INFO:colcon.colcon_core.plugin_system:Skipping extension 'colcon_notification.desktop_notification.terminal_notifier': Not used on non-Darwin systems
[2.607s] INFO:colcon.colcon_core.plugin_system:Skipping extension 'colcon_notification.desktop_notification.win32': Not used on non-Windows systems
[2.607s] INFO:colcon.colcon_notification.desktop_notification:Sending desktop notification using 'notify2'
[2.734s] DEBUG:colcon.colcon_core.event_reactor:joined thread
[2.734s] INFO:colcon.colcon_core.shell:Creating prefix script '/home/kleo/ros2_ws/src/install/local_setup.ps1'
[2.738s] INFO:colcon.colcon_core.shell:Creating prefix util module '/home/kleo/ros2_ws/src/install/_local_setup_util_ps1.py'
[2.744s] INFO:colcon.colcon_core.shell:Creating prefix chain script '/home/kleo/ros2_ws/src/install/setup.ps1'
[2.747s] INFO:colcon.colcon_core.shell:Creating prefix script '/home/kleo/ros2_ws/src/install/local_setup.sh'
[2.750s] INFO:colcon.colcon_core.shell:Creating prefix util module '/home/kleo/ros2_ws/src/install/_local_setup_util_sh.py'
[2.750s] INFO:colcon.colcon_core.shell:Creating prefix chain script '/home/kleo/ros2_ws/src/install/setup.sh'
[2.752s] INFO:colcon.colcon_core.shell:Creating prefix script '/home/kleo/ros2_ws/src/install/local_setup.bash'
[2.754s] INFO:colcon.colcon_core.shell:Creating prefix chain script '/home/kleo/ros2_ws/src/install/setup.bash'
[2.756s] INFO:colcon.colcon_core.shell:Creating prefix script '/home/kleo/ros2_ws/src/install/local_setup.zsh'
[2.757s] INFO:colcon.colcon_core.shell:Creating prefix chain script '/home/kleo/ros2_ws/src/install/setup.zsh'
