[0.022s] Invoking command in '/home/kleo/ros2_ws/src/build/my_robot_bringup': AMENT_PREFIX_PATH=/home/kleo/ros2_ws/src/install/my_robot_description:${AMENT_PREFIX_PATH} CMAKE_PREFIX_PATH=/home/kleo/ros2_ws/src/install/my_robot_description:/home/kleo/ros2_ws/install/my_robot_bringup:/home/kleo/ros2_ws/install/my_robot_description:/opt/ros/humble /usr/bin/cmake --build /home/kleo/ros2_ws/src/build/my_robot_bringup -- -j3 -l3
[0.119s] Invoked command in '/home/kleo/ros2_ws/src/build/my_robot_bringup' returned '0': AMENT_PREFIX_PATH=/home/kleo/ros2_ws/src/install/my_robot_description:${AMENT_PREFIX_PATH} CMAKE_PREFIX_PATH=/home/kleo/ros2_ws/src/install/my_robot_description:/home/kleo/ros2_ws/install/my_robot_bringup:/home/kleo/ros2_ws/install/my_robot_description:/opt/ros/humble /usr/bin/cmake --build /home/kleo/ros2_ws/src/build/my_robot_bringup -- -j3 -l3
[0.123s] Invoking command in '/home/kleo/ros2_ws/src/build/my_robot_bringup': AMENT_PREFIX_PATH=/home/kleo/ros2_ws/src/install/my_robot_description:${AMENT_PREFIX_PATH} CMAKE_PREFIX_PATH=/home/kleo/ros2_ws/src/install/my_robot_description:/home/kleo/ros2_ws/install/my_robot_bringup:/home/kleo/ros2_ws/install/my_robot_description:/opt/ros/humble /usr/bin/cmake --install /home/kleo/ros2_ws/src/build/my_robot_bringup
[0.132s] -- Install configuration: ""
[0.135s] -- Execute custom install script
[0.136s] -- Up-to-date symlink: /home/kleo/ros2_ws/src/install/my_robot_bringup/share/my_robot_bringup//launch/my_robot_gazebo.launch.xml
[0.137s] -- Up-to-date symlink: /home/kleo/ros2_ws/src/install/my_robot_bringup/share/my_robot_bringup//rviz/urdf_config.rviz
[0.138s] -- Up-to-date symlink: /home/kleo/ros2_ws/src/install/my_robot_bringup/share/my_robot_bringup//worlds/my_world.world
[0.139s] -- Up-to-date symlink: /home/kleo/ros2_ws/src/install/my_robot_bringup/share/ament_index/resource_index/package_run_dependencies/my_robot_bringup
[0.140s] -- Up-to-date symlink: /home/kleo/ros2_ws/src/install/my_robot_bringup/share/ament_index/resource_index/parent_prefix_path/my_robot_bringup
[0.141s] -- Up-to-date symlink: /home/kleo/ros2_ws/src/install/my_robot_bringup/share/my_robot_bringup/environment/ament_prefix_path.sh
[0.142s] -- Up-to-date symlink: /home/kleo/ros2_ws/src/install/my_robot_bringup/share/my_robot_bringup/environment/ament_prefix_path.dsv
[0.143s] -- Up-to-date symlink: /home/kleo/ros2_ws/src/install/my_robot_bringup/share/my_robot_bringup/environment/path.sh
[0.143s] -- Up-to-date symlink: /home/kleo/ros2_ws/src/install/my_robot_bringup/share/my_robot_bringup/environment/path.dsv
[0.144s] -- Up-to-date symlink: /home/kleo/ros2_ws/src/install/my_robot_bringup/share/my_robot_bringup/local_setup.bash
[0.145s] -- Up-to-date symlink: /home/kleo/ros2_ws/src/install/my_robot_bringup/share/my_robot_bringup/local_setup.sh
[0.145s] -- Up-to-date symlink: /home/kleo/ros2_ws/src/install/my_robot_bringup/share/my_robot_bringup/local_setup.zsh
[0.146s] -- Up-to-date symlink: /home/kleo/ros2_ws/src/install/my_robot_bringup/share/my_robot_bringup/local_setup.dsv
[0.147s] -- Symlinking: /home/kleo/ros2_ws/src/install/my_robot_bringup/share/my_robot_bringup/package.dsv
[0.189s] -- Up-to-date symlink: /home/kleo/ros2_ws/src/install/my_robot_bringup/share/ament_index/resource_index/packages/my_robot_bringup
[0.189s] -- Up-to-date symlink: /home/kleo/ros2_ws/src/install/my_robot_bringup/share/my_robot_bringup/cmake/my_robot_bringupConfig.cmake
[0.190s] -- Up-to-date symlink: /home/kleo/ros2_ws/src/install/my_robot_bringup/share/my_robot_bringup/cmake/my_robot_bringupConfig-version.cmake
[0.190s] -- Up-to-date symlink: /home/kleo/ros2_ws/src/install/my_robot_bringup/share/my_robot_bringup/package.xml
[0.192s] Invoked command in '/home/kleo/ros2_ws/src/build/my_robot_bringup' returned '0': AMENT_PREFIX_PATH=/home/kleo/ros2_ws/src/install/my_robot_description:${AMENT_PREFIX_PATH} CMAKE_PREFIX_PATH=/home/kleo/ros2_ws/src/install/my_robot_description:/home/kleo/ros2_ws/install/my_robot_bringup:/home/kleo/ros2_ws/install/my_robot_description:/opt/ros/humble /usr/bin/cmake --install /home/kleo/ros2_ws/src/build/my_robot_bringup
