[0.060s] Invoking command in '/home/kleo/ros2_ws/src/build/my_robot_description': CMAKE_PREFIX_PATH=${CMAKE_PREFIX_PATH}:/opt/ros/humble /usr/bin/cmake --build /home/kleo/ros2_ws/src/build/my_robot_description -- -j3 -l3
[0.321s] Invoked command in '/home/kleo/ros2_ws/src/build/my_robot_description' returned '0': CMAKE_PREFIX_PATH=${CMAKE_PREFIX_PATH}:/opt/ros/humble /usr/bin/cmake --build /home/kleo/ros2_ws/src/build/my_robot_description -- -j3 -l3
[0.338s] Invoking command in '/home/kleo/ros2_ws/src/build/my_robot_description': CMAKE_PREFIX_PATH=${CMAKE_PREFIX_PATH}:/opt/ros/humble /usr/bin/cmake --install /home/kleo/ros2_ws/src/build/my_robot_description
[0.355s] -- Install configuration: ""
[0.359s] -- Execute custom install script
[0.365s] -- Up-to-date symlink: /home/kleo/ros2_ws/src/install/my_robot_description/share/my_robot_description//urdf/camera.xacro
[0.366s] -- Up-to-date symlink: /home/kleo/ros2_ws/src/install/my_robot_description/share/my_robot_description//urdf/common_properties.xacro
[0.366s] -- Up-to-date symlink: /home/kleo/ros2_ws/src/install/my_robot_description/share/my_robot_description//urdf/lidar.xacro
[0.367s] -- Up-to-date symlink: /home/kleo/ros2_ws/src/install/my_robot_description/share/my_robot_description//urdf/mobile_base.xacro
[0.368s] -- Up-to-date symlink: /home/kleo/ros2_ws/src/install/my_robot_description/share/my_robot_description//urdf/mobile_base_gazebo.xacro
[0.369s] -- Up-to-date symlink: /home/kleo/ros2_ws/src/install/my_robot_description/share/my_robot_description//urdf/my_robot.urdf.xacro
[0.370s] -- Up-to-date symlink: /home/kleo/ros2_ws/src/install/my_robot_description/share/my_robot_description//launch/display.launch.xml
[0.370s] -- Up-to-date symlink: /home/kleo/ros2_ws/src/install/my_robot_description/share/my_robot_description//rviz/urdf_config.rviz
[0.371s] -- Up-to-date symlink: /home/kleo/ros2_ws/src/install/my_robot_description/share/ament_index/resource_index/package_run_dependencies/my_robot_description
[0.372s] -- Up-to-date symlink: /home/kleo/ros2_ws/src/install/my_robot_description/share/ament_index/resource_index/parent_prefix_path/my_robot_description
[0.372s] -- Up-to-date symlink: /home/kleo/ros2_ws/src/install/my_robot_description/share/my_robot_description/environment/ament_prefix_path.sh
[0.373s] -- Up-to-date symlink: /home/kleo/ros2_ws/src/install/my_robot_description/share/my_robot_description/environment/ament_prefix_path.dsv
[0.373s] -- Up-to-date symlink: /home/kleo/ros2_ws/src/install/my_robot_description/share/my_robot_description/environment/path.sh
[0.374s] -- Up-to-date symlink: /home/kleo/ros2_ws/src/install/my_robot_description/share/my_robot_description/environment/path.dsv
[0.375s] -- Up-to-date symlink: /home/kleo/ros2_ws/src/install/my_robot_description/share/my_robot_description/local_setup.bash
[0.375s] -- Up-to-date symlink: /home/kleo/ros2_ws/src/install/my_robot_description/share/my_robot_description/local_setup.sh
[0.376s] -- Up-to-date symlink: /home/kleo/ros2_ws/src/install/my_robot_description/share/my_robot_description/local_setup.zsh
[0.376s] -- Up-to-date symlink: /home/kleo/ros2_ws/src/install/my_robot_description/share/my_robot_description/local_setup.dsv
[0.376s] -- Symlinking: /home/kleo/ros2_ws/src/install/my_robot_description/share/my_robot_description/package.dsv
[0.391s] -- Up-to-date symlink: /home/kleo/ros2_ws/src/install/my_robot_description/share/ament_index/resource_index/packages/my_robot_description
[0.392s] -- Up-to-date symlink: /home/kleo/ros2_ws/src/install/my_robot_description/share/my_robot_description/cmake/my_robot_descriptionConfig.cmake
[0.393s] -- Up-to-date symlink: /home/kleo/ros2_ws/src/install/my_robot_description/share/my_robot_description/cmake/my_robot_descriptionConfig-version.cmake
[0.394s] -- Up-to-date symlink: /home/kleo/ros2_ws/src/install/my_robot_description/share/my_robot_description/package.xml
[0.396s] Invoked command in '/home/kleo/ros2_ws/src/build/my_robot_description' returned '0': CMAKE_PREFIX_PATH=${CMAKE_PREFIX_PATH}:/opt/ros/humble /usr/bin/cmake --install /home/kleo/ros2_ws/src/build/my_robot_description
