[0.481s] DEBUG:colcon:Command line arguments: ['/usr/bin/colcon', 'build', '--symlink-install']
[0.482s] DEBUG:colcon:Parsed command line arguments: Namespace(log_base=None, log_level=None, verb_name='build', build_base='build', install_base='install', merge_install=False, symlink_install=True, test_result_base=None, continue_on_error=False, executor='parallel', parallel_workers=3, event_handlers=None, ignore_user_meta=False, metas=['./colcon.meta'], base_paths=['.'], packages_ignore=None, packages_ignore_regex=None, paths=None, packages_up_to=None, packages_up_to_regex=None, packages_above=None, packages_above_and_dependencies=None, packages_above_depth=None, packages_select_by_dep=None, packages_skip_by_dep=None, packages_skip_up_to=None, packages_select_build_failed=False, packages_skip_build_finished=False, packages_select_test_failures=False, packages_skip_test_passed=False, packages_select=None, packages_skip=None, packages_select_regex=None, packages_skip_regex=None, packages_start=None, packages_end=None, allow_overriding=[], cmake_args=None, cmake_target=None, cmake_target_skip_unavailable=False, cmake_clean_cache=False, cmake_clean_first=False, cmake_force_configure=False, ament_cmake_args=None, catkin_cmake_args=None, catkin_skip_building_tests=False, verb_parser=<colcon_defaults.argument_parser.defaults.DefaultArgumentsDecorator object at 0x79f4cdceb400>, verb_extension=<colcon_core.verb.build.BuildVerb object at 0x79f4cde748b0>, main=<bound method BuildVerb.main of <colcon_core.verb.build.BuildVerb object at 0x79f4cde748b0>>)
[0.867s] Level 1:colcon.colcon_core.package_discovery:discover_packages(colcon_meta) check parameters
[0.867s] Level 1:colcon.colcon_core.package_discovery:discover_packages(recursive) check parameters
[0.867s] Level 1:colcon.colcon_core.package_discovery:discover_packages(ignore) check parameters
[0.867s] Level 1:colcon.colcon_core.package_discovery:discover_packages(path) check parameters
[0.867s] Level 1:colcon.colcon_core.package_discovery:discover_packages(colcon_meta) discover
[0.867s] Level 1:colcon.colcon_core.package_discovery:discover_packages(recursive) discover
[0.867s] INFO:colcon.colcon_core.package_discovery:Crawling recursively for packages in '/home/kleo/ros2_ws/src'
[0.868s] Level 1:colcon.colcon_core.package_identification:_identify(.) by extensions ['ignore', 'ignore_ament_install']
[0.868s] Level 1:colcon.colcon_core.package_identification:_identify(.) by extension 'ignore'
[0.868s] Level 1:colcon.colcon_core.package_identification:_identify(.) by extension 'ignore_ament_install'
[0.868s] Level 1:colcon.colcon_core.package_identification:_identify(.) by extensions ['colcon_pkg']
[0.868s] Level 1:colcon.colcon_core.package_identification:_identify(.) by extension 'colcon_pkg'
[0.868s] Level 1:colcon.colcon_core.package_identification:_identify(.) by extensions ['colcon_meta']
[0.868s] Level 1:colcon.colcon_core.package_identification:_identify(.) by extension 'colcon_meta'
[0.868s] Level 1:colcon.colcon_core.package_identification:_identify(.) by extensions ['ros']
[0.868s] Level 1:colcon.colcon_core.package_identification:_identify(.) by extension 'ros'
[0.921s] Level 1:colcon.colcon_core.package_identification:_identify(.) by extensions ['cmake', 'python']
[0.921s] Level 1:colcon.colcon_core.package_identification:_identify(.) by extension 'cmake'
[0.921s] Level 1:colcon.colcon_core.package_identification:_identify(.) by extension 'python'
[0.921s] Level 1:colcon.colcon_core.package_identification:_identify(.) by extensions ['python_setup_py']
[0.921s] Level 1:colcon.colcon_core.package_identification:_identify(.) by extension 'python_setup_py'
[0.921s] Level 1:colcon.colcon_core.package_identification:_identify(build) by extensions ['ignore', 'ignore_ament_install']
[0.921s] Level 1:colcon.colcon_core.package_identification:_identify(build) by extension 'ignore'
[0.921s] Level 1:colcon.colcon_core.package_identification:_identify(build) ignored
[0.922s] Level 1:colcon.colcon_core.package_identification:_identify(install) by extensions ['ignore', 'ignore_ament_install']
[0.922s] Level 1:colcon.colcon_core.package_identification:_identify(install) by extension 'ignore'
[0.922s] Level 1:colcon.colcon_core.package_identification:_identify(install) ignored
[0.922s] Level 1:colcon.colcon_core.package_identification:_identify(log) by extensions ['ignore', 'ignore_ament_install']
[0.922s] Level 1:colcon.colcon_core.package_identification:_identify(log) by extension 'ignore'
[0.922s] Level 1:colcon.colcon_core.package_identification:_identify(log) ignored
[0.922s] Level 1:colcon.colcon_core.package_identification:_identify(my_robot_bringup) by extensions ['ignore', 'ignore_ament_install']
[0.922s] Level 1:colcon.colcon_core.package_identification:_identify(my_robot_bringup) by extension 'ignore'
[0.922s] Level 1:colcon.colcon_core.package_identification:_identify(my_robot_bringup) by extension 'ignore_ament_install'
[0.923s] Level 1:colcon.colcon_core.package_identification:_identify(my_robot_bringup) by extensions ['colcon_pkg']
[0.923s] Level 1:colcon.colcon_core.package_identification:_identify(my_robot_bringup) by extension 'colcon_pkg'
[0.923s] Level 1:colcon.colcon_core.package_identification:_identify(my_robot_bringup) by extensions ['colcon_meta']
[0.923s] Level 1:colcon.colcon_core.package_identification:_identify(my_robot_bringup) by extension 'colcon_meta'
[0.923s] Level 1:colcon.colcon_core.package_identification:_identify(my_robot_bringup) by extensions ['ros']
[0.923s] Level 1:colcon.colcon_core.package_identification:_identify(my_robot_bringup) by extension 'ros'
[0.928s] DEBUG:colcon.colcon_core.package_identification:Package 'my_robot_bringup' with type 'ros.ament_cmake' and name 'my_robot_bringup'
[0.929s] Level 1:colcon.colcon_core.package_identification:_identify(my_robot_description) by extensions ['ignore', 'ignore_ament_install']
[0.929s] Level 1:colcon.colcon_core.package_identification:_identify(my_robot_description) by extension 'ignore'
[0.929s] Level 1:colcon.colcon_core.package_identification:_identify(my_robot_description) by extension 'ignore_ament_install'
[0.929s] Level 1:colcon.colcon_core.package_identification:_identify(my_robot_description) by extensions ['colcon_pkg']
[0.929s] Level 1:colcon.colcon_core.package_identification:_identify(my_robot_description) by extension 'colcon_pkg'
[0.929s] Level 1:colcon.colcon_core.package_identification:_identify(my_robot_description) by extensions ['colcon_meta']
[0.929s] Level 1:colcon.colcon_core.package_identification:_identify(my_robot_description) by extension 'colcon_meta'
[0.930s] Level 1:colcon.colcon_core.package_identification:_identify(my_robot_description) by extensions ['ros']
[0.930s] Level 1:colcon.colcon_core.package_identification:_identify(my_robot_description) by extension 'ros'
[0.931s] DEBUG:colcon.colcon_core.package_identification:Package 'my_robot_description' with type 'ros.ament_cmake' and name 'my_robot_description'
[0.931s] Level 1:colcon.colcon_core.package_discovery:discover_packages(recursive) using defaults
[0.931s] Level 1:colcon.colcon_core.package_discovery:discover_packages(ignore) discover
[0.931s] Level 1:colcon.colcon_core.package_discovery:discover_packages(ignore) using defaults
[0.931s] Level 1:colcon.colcon_core.package_discovery:discover_packages(path) discover
[0.931s] Level 1:colcon.colcon_core.package_discovery:discover_packages(path) using defaults
[1.001s] Level 1:colcon.colcon_core.package_discovery:discover_packages(prefix_path) check parameters
[1.001s] Level 1:colcon.colcon_core.package_discovery:discover_packages(prefix_path) discover
[1.011s] DEBUG:colcon.colcon_installed_package_information.package_discovery:Found 2 installed packages in /home/kleo/ros2_ws/install
[1.013s] DEBUG:colcon.colcon_installed_package_information.package_discovery:Found 296 installed packages in /opt/ros/humble
[1.025s] Level 1:colcon.colcon_core.package_discovery:discover_packages(prefix_path) using defaults
[1.182s] Level 5:colcon.colcon_core.verb:set package 'my_robot_description' build argument 'cmake_args' from command line to 'None'
[1.182s] Level 5:colcon.colcon_core.verb:set package 'my_robot_description' build argument 'cmake_target' from command line to 'None'
[1.182s] Level 5:colcon.colcon_core.verb:set package 'my_robot_description' build argument 'cmake_target_skip_unavailable' from command line to 'False'
[1.182s] Level 5:colcon.colcon_core.verb:set package 'my_robot_description' build argument 'cmake_clean_cache' from command line to 'False'
[1.182s] Level 5:colcon.colcon_core.verb:set package 'my_robot_description' build argument 'cmake_clean_first' from command line to 'False'
[1.182s] Level 5:colcon.colcon_core.verb:set package 'my_robot_description' build argument 'cmake_force_configure' from command line to 'False'
[1.182s] Level 5:colcon.colcon_core.verb:set package 'my_robot_description' build argument 'ament_cmake_args' from command line to 'None'
[1.182s] Level 5:colcon.colcon_core.verb:set package 'my_robot_description' build argument 'catkin_cmake_args' from command line to 'None'
[1.182s] Level 5:colcon.colcon_core.verb:set package 'my_robot_description' build argument 'catkin_skip_building_tests' from command line to 'False'
[1.183s] DEBUG:colcon.colcon_core.verb:Building package 'my_robot_description' with the following arguments: {'ament_cmake_args': None, 'build_base': '/home/kleo/ros2_ws/src/build/my_robot_description', 'catkin_cmake_args': None, 'catkin_skip_building_tests': False, 'cmake_args': None, 'cmake_clean_cache': False, 'cmake_clean_first': False, 'cmake_force_configure': False, 'cmake_target': None, 'cmake_target_skip_unavailable': False, 'install_base': '/home/kleo/ros2_ws/src/install/my_robot_description', 'merge_install': False, 'path': '/home/kleo/ros2_ws/src/my_robot_description', 'symlink_install': True, 'test_result_base': None}
[1.183s] Level 5:colcon.colcon_core.verb:set package 'my_robot_bringup' build argument 'cmake_args' from command line to 'None'
[1.183s] Level 5:colcon.colcon_core.verb:set package 'my_robot_bringup' build argument 'cmake_target' from command line to 'None'
[1.183s] Level 5:colcon.colcon_core.verb:set package 'my_robot_bringup' build argument 'cmake_target_skip_unavailable' from command line to 'False'
[1.183s] Level 5:colcon.colcon_core.verb:set package 'my_robot_bringup' build argument 'cmake_clean_cache' from command line to 'False'
[1.183s] Level 5:colcon.colcon_core.verb:set package 'my_robot_bringup' build argument 'cmake_clean_first' from command line to 'False'
[1.183s] Level 5:colcon.colcon_core.verb:set package 'my_robot_bringup' build argument 'cmake_force_configure' from command line to 'False'
[1.183s] Level 5:colcon.colcon_core.verb:set package 'my_robot_bringup' build argument 'ament_cmake_args' from command line to 'None'
[1.183s] Level 5:colcon.colcon_core.verb:set package 'my_robot_bringup' build argument 'catkin_cmake_args' from command line to 'None'
[1.183s] Level 5:colcon.colcon_core.verb:set package 'my_robot_bringup' build argument 'catkin_skip_building_tests' from command line to 'False'
[1.183s] DEBUG:colcon.colcon_core.verb:Building package 'my_robot_bringup' with the following arguments: {'ament_cmake_args': None, 'build_base': '/home/kleo/ros2_ws/src/build/my_robot_bringup', 'catkin_cmake_args': None, 'catkin_skip_building_tests': False, 'cmake_args': None, 'cmake_clean_cache': False, 'cmake_clean_first': False, 'cmake_force_configure': False, 'cmake_target': None, 'cmake_target_skip_unavailable': False, 'install_base': '/home/kleo/ros2_ws/src/install/my_robot_bringup', 'merge_install': False, 'path': '/home/kleo/ros2_ws/src/my_robot_bringup', 'symlink_install': True, 'test_result_base': None}
[1.184s] INFO:colcon.colcon_core.executor:Executing jobs using 'parallel' executor
[1.186s] DEBUG:colcon.colcon_parallel_executor.executor.parallel:run_until_complete
[1.186s] INFO:colcon.colcon_ros.task.ament_cmake.build:Building ROS package in '/home/kleo/ros2_ws/src/my_robot_description' with build type 'ament_cmake'
[1.187s] INFO:colcon.colcon_cmake.task.cmake.build:Building CMake package in '/home/kleo/ros2_ws/src/my_robot_description'
[1.194s] INFO:colcon.colcon_core.plugin_system:Skipping extension 'colcon_core.shell.bat': Not used on non-Windows systems
[1.194s] INFO:colcon.colcon_core.shell:Skip shell extension 'powershell' for command environment: Not usable outside of PowerShell
[1.195s] DEBUG:colcon.colcon_core.shell:Skip shell extension 'dsv' for command environment
[1.252s] DEBUG:colcon.colcon_core.event_handler.log_command:Invoking command in '/home/kleo/ros2_ws/src/build/my_robot_description': CMAKE_PREFIX_PATH=${CMAKE_PREFIX_PATH}:/opt/ros/humble /usr/bin/cmake --build /home/kleo/ros2_ws/src/build/my_robot_description -- -j3 -l3
[1.695s] DEBUG:colcon.colcon_core.event_handler.log_command:Invoked command in '/home/kleo/ros2_ws/src/build/my_robot_description' returned '0': CMAKE_PREFIX_PATH=${CMAKE_PREFIX_PATH}:/opt/ros/humble /usr/bin/cmake --build /home/kleo/ros2_ws/src/build/my_robot_description -- -j3 -l3
[1.713s] DEBUG:colcon.colcon_core.event_handler.log_command:Invoking command in '/home/kleo/ros2_ws/src/build/my_robot_description': CMAKE_PREFIX_PATH=${CMAKE_PREFIX_PATH}:/opt/ros/humble /usr/bin/cmake --install /home/kleo/ros2_ws/src/build/my_robot_description
[1.779s] Level 1:colcon.colcon_core.environment:create_environment_scripts_only(my_robot_description)
[1.780s] DEBUG:colcon.colcon_core.event_handler.log_command:Invoked command in '/home/kleo/ros2_ws/src/build/my_robot_description' returned '0': CMAKE_PREFIX_PATH=${CMAKE_PREFIX_PATH}:/opt/ros/humble /usr/bin/cmake --install /home/kleo/ros2_ws/src/build/my_robot_description
[1.790s] Level 1:colcon.colcon_core.environment:checking '/home/kleo/ros2_ws/src/install/my_robot_description' for CMake module files
[1.791s] Level 1:colcon.colcon_core.environment:checking '/home/kleo/ros2_ws/src/install/my_robot_description' for CMake config files
[1.791s] Level 1:colcon.colcon_core.shell:create_environment_hook('my_robot_description', 'cmake_prefix_path')
[1.791s] INFO:colcon.colcon_core.shell:Creating environment hook '/home/kleo/ros2_ws/src/install/my_robot_description/share/my_robot_description/hook/cmake_prefix_path.ps1'
[1.794s] INFO:colcon.colcon_core.shell:Creating environment descriptor '/home/kleo/ros2_ws/src/install/my_robot_description/share/my_robot_description/hook/cmake_prefix_path.dsv'
[1.795s] INFO:colcon.colcon_core.shell:Creating environment hook '/home/kleo/ros2_ws/src/install/my_robot_description/share/my_robot_description/hook/cmake_prefix_path.sh'
[1.797s] Level 1:colcon.colcon_core.environment:checking '/home/kleo/ros2_ws/src/install/my_robot_description/bin'
[1.797s] Level 1:colcon.colcon_core.environment:checking '/home/kleo/ros2_ws/src/install/my_robot_description/lib/pkgconfig/my_robot_description.pc'
[1.798s] Level 1:colcon.colcon_core.environment:checking '/home/kleo/ros2_ws/src/install/my_robot_description/lib/python3.10/site-packages'
[1.798s] Level 1:colcon.colcon_core.environment:checking '/home/kleo/ros2_ws/src/install/my_robot_description/bin'
[1.798s] INFO:colcon.colcon_core.shell:Creating package script '/home/kleo/ros2_ws/src/install/my_robot_description/share/my_robot_description/package.ps1'
[1.800s] INFO:colcon.colcon_core.shell:Creating package descriptor '/home/kleo/ros2_ws/src/install/my_robot_description/share/my_robot_description/package.dsv'
[1.801s] INFO:colcon.colcon_core.shell:Creating package script '/home/kleo/ros2_ws/src/install/my_robot_description/share/my_robot_description/package.sh'
[1.803s] INFO:colcon.colcon_core.shell:Creating package script '/home/kleo/ros2_ws/src/install/my_robot_description/share/my_robot_description/package.bash'
[1.806s] INFO:colcon.colcon_core.shell:Creating package script '/home/kleo/ros2_ws/src/install/my_robot_description/share/my_robot_description/package.zsh'
[1.808s] Level 1:colcon.colcon_core.environment:create_file_with_runtime_dependencies(/home/kleo/ros2_ws/src/install/my_robot_description/share/colcon-core/packages/my_robot_description)
[1.808s] Level 1:colcon.colcon_core.environment:create_environment_scripts_only(my_robot_description)
[1.809s] Level 1:colcon.colcon_core.environment:checking '/home/kleo/ros2_ws/src/install/my_robot_description' for CMake module files
[1.809s] Level 1:colcon.colcon_core.environment:checking '/home/kleo/ros2_ws/src/install/my_robot_description' for CMake config files
[1.809s] Level 1:colcon.colcon_core.shell:create_environment_hook('my_robot_description', 'cmake_prefix_path')
[1.809s] INFO:colcon.colcon_core.shell:Creating environment hook '/home/kleo/ros2_ws/src/install/my_robot_description/share/my_robot_description/hook/cmake_prefix_path.ps1'
[1.810s] INFO:colcon.colcon_core.shell:Creating environment descriptor '/home/kleo/ros2_ws/src/install/my_robot_description/share/my_robot_description/hook/cmake_prefix_path.dsv'
[1.810s] INFO:colcon.colcon_core.shell:Creating environment hook '/home/kleo/ros2_ws/src/install/my_robot_description/share/my_robot_description/hook/cmake_prefix_path.sh'
[1.811s] Level 1:colcon.colcon_core.environment:checking '/home/kleo/ros2_ws/src/install/my_robot_description/bin'
[1.811s] Level 1:colcon.colcon_core.environment:checking '/home/kleo/ros2_ws/src/install/my_robot_description/lib/pkgconfig/my_robot_description.pc'
[1.811s] Level 1:colcon.colcon_core.environment:checking '/home/kleo/ros2_ws/src/install/my_robot_description/lib/python3.10/site-packages'
[1.811s] Level 1:colcon.colcon_core.environment:checking '/home/kleo/ros2_ws/src/install/my_robot_description/bin'
[1.812s] INFO:colcon.colcon_core.shell:Creating package script '/home/kleo/ros2_ws/src/install/my_robot_description/share/my_robot_description/package.ps1'
[1.812s] INFO:colcon.colcon_core.shell:Creating package descriptor '/home/kleo/ros2_ws/src/install/my_robot_description/share/my_robot_description/package.dsv'
[1.813s] INFO:colcon.colcon_core.shell:Creating package script '/home/kleo/ros2_ws/src/install/my_robot_description/share/my_robot_description/package.sh'
[1.813s] INFO:colcon.colcon_core.shell:Creating package script '/home/kleo/ros2_ws/src/install/my_robot_description/share/my_robot_description/package.bash'
[1.814s] INFO:colcon.colcon_core.shell:Creating package script '/home/kleo/ros2_ws/src/install/my_robot_description/share/my_robot_description/package.zsh'
[1.814s] Level 1:colcon.colcon_core.environment:create_file_with_runtime_dependencies(/home/kleo/ros2_ws/src/install/my_robot_description/share/colcon-core/packages/my_robot_description)
[1.815s] INFO:colcon.colcon_ros.task.ament_cmake.build:Building ROS package in '/home/kleo/ros2_ws/src/my_robot_bringup' with build type 'ament_cmake'
[1.815s] INFO:colcon.colcon_cmake.task.cmake.build:Building CMake package in '/home/kleo/ros2_ws/src/my_robot_bringup'
[1.815s] INFO:colcon.colcon_core.shell:Skip shell extension 'powershell' for command environment: Not usable outside of PowerShell
[1.815s] DEBUG:colcon.colcon_core.shell:Skip shell extension 'dsv' for command environment
[1.843s] DEBUG:colcon.colcon_core.event_handler.log_command:Invoking command in '/home/kleo/ros2_ws/src/build/my_robot_bringup': AMENT_PREFIX_PATH=/home/kleo/ros2_ws/src/install/my_robot_description:${AMENT_PREFIX_PATH} CMAKE_PREFIX_PATH=/home/kleo/ros2_ws/src/install/my_robot_description:/home/kleo/ros2_ws/install/my_robot_bringup:/home/kleo/ros2_ws/install/my_robot_description:/opt/ros/humble /usr/bin/cmake --build /home/kleo/ros2_ws/src/build/my_robot_bringup -- -j3 -l3
[1.904s] DEBUG:colcon.colcon_core.event_handler.log_command:Invoked command in '/home/kleo/ros2_ws/src/build/my_robot_bringup' returned '0': AMENT_PREFIX_PATH=/home/kleo/ros2_ws/src/install/my_robot_description:${AMENT_PREFIX_PATH} CMAKE_PREFIX_PATH=/home/kleo/ros2_ws/src/install/my_robot_description:/home/kleo/ros2_ws/install/my_robot_bringup:/home/kleo/ros2_ws/install/my_robot_description:/opt/ros/humble /usr/bin/cmake --build /home/kleo/ros2_ws/src/build/my_robot_bringup -- -j3 -l3
[1.912s] DEBUG:colcon.colcon_core.event_handler.log_command:Invoking command in '/home/kleo/ros2_ws/src/build/my_robot_bringup': AMENT_PREFIX_PATH=/home/kleo/ros2_ws/src/install/my_robot_description:${AMENT_PREFIX_PATH} CMAKE_PREFIX_PATH=/home/kleo/ros2_ws/src/install/my_robot_description:/home/kleo/ros2_ws/install/my_robot_bringup:/home/kleo/ros2_ws/install/my_robot_description:/opt/ros/humble /usr/bin/cmake --install /home/kleo/ros2_ws/src/build/my_robot_bringup
[1.957s] Level 1:colcon.colcon_core.environment:create_environment_scripts_only(my_robot_bringup)
[1.957s] Level 1:colcon.colcon_core.environment:checking '/home/kleo/ros2_ws/src/install/my_robot_bringup' for CMake module files
[1.958s] DEBUG:colcon.colcon_core.event_handler.log_command:Invoked command in '/home/kleo/ros2_ws/src/build/my_robot_bringup' returned '0': AMENT_PREFIX_PATH=/home/kleo/ros2_ws/src/install/my_robot_description:${AMENT_PREFIX_PATH} CMAKE_PREFIX_PATH=/home/kleo/ros2_ws/src/install/my_robot_description:/home/kleo/ros2_ws/install/my_robot_bringup:/home/kleo/ros2_ws/install/my_robot_description:/opt/ros/humble /usr/bin/cmake --install /home/kleo/ros2_ws/src/build/my_robot_bringup
[1.958s] Level 1:colcon.colcon_core.environment:checking '/home/kleo/ros2_ws/src/install/my_robot_bringup' for CMake config files
[1.959s] Level 1:colcon.colcon_core.shell:create_environment_hook('my_robot_bringup', 'cmake_prefix_path')
[1.959s] INFO:colcon.colcon_core.shell:Creating environment hook '/home/kleo/ros2_ws/src/install/my_robot_bringup/share/my_robot_bringup/hook/cmake_prefix_path.ps1'
[1.960s] INFO:colcon.colcon_core.shell:Creating environment descriptor '/home/kleo/ros2_ws/src/install/my_robot_bringup/share/my_robot_bringup/hook/cmake_prefix_path.dsv'
[1.961s] INFO:colcon.colcon_core.shell:Creating environment hook '/home/kleo/ros2_ws/src/install/my_robot_bringup/share/my_robot_bringup/hook/cmake_prefix_path.sh'
[1.962s] Level 1:colcon.colcon_core.environment:checking '/home/kleo/ros2_ws/src/install/my_robot_bringup/bin'
[1.962s] Level 1:colcon.colcon_core.environment:checking '/home/kleo/ros2_ws/src/install/my_robot_bringup/lib/pkgconfig/my_robot_bringup.pc'
[1.963s] Level 1:colcon.colcon_core.environment:checking '/home/kleo/ros2_ws/src/install/my_robot_bringup/lib/python3.10/site-packages'
[1.963s] Level 1:colcon.colcon_core.environment:checking '/home/kleo/ros2_ws/src/install/my_robot_bringup/bin'
[1.963s] INFO:colcon.colcon_core.shell:Creating package script '/home/kleo/ros2_ws/src/install/my_robot_bringup/share/my_robot_bringup/package.ps1'
[1.964s] INFO:colcon.colcon_core.shell:Creating package descriptor '/home/kleo/ros2_ws/src/install/my_robot_bringup/share/my_robot_bringup/package.dsv'
[1.965s] INFO:colcon.colcon_core.shell:Creating package script '/home/kleo/ros2_ws/src/install/my_robot_bringup/share/my_robot_bringup/package.sh'
[1.966s] INFO:colcon.colcon_core.shell:Creating package script '/home/kleo/ros2_ws/src/install/my_robot_bringup/share/my_robot_bringup/package.bash'
[1.968s] INFO:colcon.colcon_core.shell:Creating package script '/home/kleo/ros2_ws/src/install/my_robot_bringup/share/my_robot_bringup/package.zsh'
[1.969s] Level 1:colcon.colcon_core.environment:create_file_with_runtime_dependencies(/home/kleo/ros2_ws/src/install/my_robot_bringup/share/colcon-core/packages/my_robot_bringup)
[1.969s] Level 1:colcon.colcon_core.environment:create_environment_scripts_only(my_robot_bringup)
[1.970s] Level 1:colcon.colcon_core.environment:checking '/home/kleo/ros2_ws/src/install/my_robot_bringup' for CMake module files
[1.970s] Level 1:colcon.colcon_core.environment:checking '/home/kleo/ros2_ws/src/install/my_robot_bringup' for CMake config files
[1.970s] Level 1:colcon.colcon_core.shell:create_environment_hook('my_robot_bringup', 'cmake_prefix_path')
[1.970s] INFO:colcon.colcon_core.shell:Creating environment hook '/home/kleo/ros2_ws/src/install/my_robot_bringup/share/my_robot_bringup/hook/cmake_prefix_path.ps1'
[1.971s] INFO:colcon.colcon_core.shell:Creating environment descriptor '/home/kleo/ros2_ws/src/install/my_robot_bringup/share/my_robot_bringup/hook/cmake_prefix_path.dsv'
[1.971s] INFO:colcon.colcon_core.shell:Creating environment hook '/home/kleo/ros2_ws/src/install/my_robot_bringup/share/my_robot_bringup/hook/cmake_prefix_path.sh'
[1.972s] Level 1:colcon.colcon_core.environment:checking '/home/kleo/ros2_ws/src/install/my_robot_bringup/bin'
[1.972s] Level 1:colcon.colcon_core.environment:checking '/home/kleo/ros2_ws/src/install/my_robot_bringup/lib/pkgconfig/my_robot_bringup.pc'
[1.972s] Level 1:colcon.colcon_core.environment:checking '/home/kleo/ros2_ws/src/install/my_robot_bringup/lib/python3.10/site-packages'
[1.973s] Level 1:colcon.colcon_core.environment:checking '/home/kleo/ros2_ws/src/install/my_robot_bringup/bin'
[1.973s] INFO:colcon.colcon_core.shell:Creating package script '/home/kleo/ros2_ws/src/install/my_robot_bringup/share/my_robot_bringup/package.ps1'
[1.973s] INFO:colcon.colcon_core.shell:Creating package descriptor '/home/kleo/ros2_ws/src/install/my_robot_bringup/share/my_robot_bringup/package.dsv'
[1.974s] INFO:colcon.colcon_core.shell:Creating package script '/home/kleo/ros2_ws/src/install/my_robot_bringup/share/my_robot_bringup/package.sh'
[1.974s] INFO:colcon.colcon_core.shell:Creating package script '/home/kleo/ros2_ws/src/install/my_robot_bringup/share/my_robot_bringup/package.bash'
[1.975s] INFO:colcon.colcon_core.shell:Creating package script '/home/kleo/ros2_ws/src/install/my_robot_bringup/share/my_robot_bringup/package.zsh'
[1.975s] Level 1:colcon.colcon_core.environment:create_file_with_runtime_dependencies(/home/kleo/ros2_ws/src/install/my_robot_bringup/share/colcon-core/packages/my_robot_bringup)
[1.976s] DEBUG:colcon.colcon_parallel_executor.executor.parallel:closing loop
[1.976s] DEBUG:colcon.colcon_parallel_executor.executor.parallel:loop closed
[1.976s] DEBUG:colcon.colcon_parallel_executor.executor.parallel:run_until_complete finished with '0'
[1.976s] DEBUG:colcon.colcon_core.event_reactor:joining thread
[2.009s] INFO:colcon.colcon_core.plugin_system:Skipping extension 'colcon_notification.desktop_notification.terminal_notifier': Not used on non-Darwin systems
[2.010s] INFO:colcon.colcon_core.plugin_system:Skipping extension 'colcon_notification.desktop_notification.win32': Not used on non-Windows systems
[2.010s] INFO:colcon.colcon_notification.desktop_notification:Sending desktop notification using 'notify2'
[2.136s] DEBUG:colcon.colcon_core.event_reactor:joined thread
[2.137s] INFO:colcon.colcon_core.shell:Creating prefix script '/home/kleo/ros2_ws/src/install/local_setup.ps1'
[2.141s] INFO:colcon.colcon_core.shell:Creating prefix util module '/home/kleo/ros2_ws/src/install/_local_setup_util_ps1.py'
[2.150s] INFO:colcon.colcon_core.shell:Creating prefix chain script '/home/kleo/ros2_ws/src/install/setup.ps1'
[2.152s] INFO:colcon.colcon_core.shell:Creating prefix script '/home/kleo/ros2_ws/src/install/local_setup.sh'
[2.155s] INFO:colcon.colcon_core.shell:Creating prefix util module '/home/kleo/ros2_ws/src/install/_local_setup_util_sh.py'
[2.158s] INFO:colcon.colcon_core.shell:Creating prefix chain script '/home/kleo/ros2_ws/src/install/setup.sh'
[2.161s] INFO:colcon.colcon_core.shell:Creating prefix script '/home/kleo/ros2_ws/src/install/local_setup.bash'
[2.163s] INFO:colcon.colcon_core.shell:Creating prefix chain script '/home/kleo/ros2_ws/src/install/setup.bash'
[2.168s] INFO:colcon.colcon_core.shell:Creating prefix script '/home/kleo/ros2_ws/src/install/local_setup.zsh'
[2.170s] INFO:colcon.colcon_core.shell:Creating prefix chain script '/home/kleo/ros2_ws/src/install/setup.zsh'
