[0.089s] Invoking command in '/home/kleo/ros2_ws/src/build/my_robot_description': CMAKE_PREFIX_PATH=${CMAKE_PREFIX_PATH}:/opt/ros/humble /usr/bin/cmake /home/kleo/ros2_ws/src/my_robot_description -DAMENT_CMAKE_SYMLINK_INSTALL=1 -DCMAKE_INSTALL_PREFIX=/home/kleo/ros2_ws/src/install/my_robot_description
[0.799s] -- The C compiler identification is GNU 11.4.0
[1.100s] -- The CXX compiler identification is GNU 11.4.0
[1.122s] -- Detecting C compiler ABI info
[1.370s] -- Detecting C compiler ABI info - done
[1.378s] -- Check for working C compiler: /usr/bin/cc - skipped
[1.379s] -- Detecting C compile features
[1.382s] -- Detecting C compile features - done
[1.391s] -- Detecting CXX compiler ABI info
[1.732s] -- Detecting CXX compiler ABI info - done
[1.749s] -- Check for working CXX compiler: /usr/bin/c++ - skipped
[1.752s] -- Detecting CXX compile features
[1.752s] -- Detecting CXX compile features - done
[1.987s] -- Found ament_cmake: 1.3.11 (/opt/ros/humble/share/ament_cmake/cmake)
[2.894s] -- Found Python3: /usr/bin/python3 (found version "3.10.12") found components: Interpreter 
[3.021s] -- Override CMake install command with custom implementation using symlinks instead of copying resources
[3.627s] -- Configuring done
[3.644s] -- Generating done
[3.650s] -- Build files have been written to: /home/kleo/ros2_ws/src/build/my_robot_description
[3.658s] Invoked command in '/home/kleo/ros2_ws/src/build/my_robot_description' returned '0': CMAKE_PREFIX_PATH=${CMAKE_PREFIX_PATH}:/opt/ros/humble /usr/bin/cmake /home/kleo/ros2_ws/src/my_robot_description -DAMENT_CMAKE_SYMLINK_INSTALL=1 -DCMAKE_INSTALL_PREFIX=/home/kleo/ros2_ws/src/install/my_robot_description
[3.666s] Invoking command in '/home/kleo/ros2_ws/src/build/my_robot_description': CMAKE_PREFIX_PATH=${CMAKE_PREFIX_PATH}:/opt/ros/humble /usr/bin/cmake --build /home/kleo/ros2_ws/src/build/my_robot_description -- -j3 -l3
[3.710s] Invoked command in '/home/kleo/ros2_ws/src/build/my_robot_description' returned '0': CMAKE_PREFIX_PATH=${CMAKE_PREFIX_PATH}:/opt/ros/humble /usr/bin/cmake --build /home/kleo/ros2_ws/src/build/my_robot_description -- -j3 -l3
[3.730s] Invoking command in '/home/kleo/ros2_ws/src/build/my_robot_description': CMAKE_PREFIX_PATH=${CMAKE_PREFIX_PATH}:/opt/ros/humble /usr/bin/cmake --install /home/kleo/ros2_ws/src/build/my_robot_description
[3.738s] -- Install configuration: ""
[3.739s] -- Execute custom install script
[3.742s] -- Symlinking: /home/kleo/ros2_ws/src/install/my_robot_description/share/my_robot_description//urdf/camera.xacro
[3.753s] -- Symlinking: /home/kleo/ros2_ws/src/install/my_robot_description/share/my_robot_description//urdf/common_properties.xacro
[3.767s] -- Symlinking: /home/kleo/ros2_ws/src/install/my_robot_description/share/my_robot_description//urdf/lidar.xacro
[3.783s] -- Symlinking: /home/kleo/ros2_ws/src/install/my_robot_description/share/my_robot_description//urdf/mobile_base.xacro
[3.797s] -- Symlinking: /home/kleo/ros2_ws/src/install/my_robot_description/share/my_robot_description//urdf/mobile_base_gazebo.xacro
[3.807s] -- Symlinking: /home/kleo/ros2_ws/src/install/my_robot_description/share/my_robot_description//urdf/my_robot.urdf.xacro
[3.823s] -- Symlinking: /home/kleo/ros2_ws/src/install/my_robot_description/share/my_robot_description//launch/display.launch.xml
[3.839s] -- Symlinking: /home/kleo/ros2_ws/src/install/my_robot_description/share/my_robot_description//rviz/urdf_config.rviz
[3.855s] -- Symlinking: /home/kleo/ros2_ws/src/install/my_robot_description/share/ament_index/resource_index/package_run_dependencies/my_robot_description
[3.876s] -- Symlinking: /home/kleo/ros2_ws/src/install/my_robot_description/share/ament_index/resource_index/parent_prefix_path/my_robot_description
[3.893s] -- Symlinking: /home/kleo/ros2_ws/src/install/my_robot_description/share/my_robot_description/environment/ament_prefix_path.sh
[3.910s] -- Symlinking: /home/kleo/ros2_ws/src/install/my_robot_description/share/my_robot_description/environment/ament_prefix_path.dsv
[3.931s] -- Symlinking: /home/kleo/ros2_ws/src/install/my_robot_description/share/my_robot_description/environment/path.sh
[3.949s] -- Symlinking: /home/kleo/ros2_ws/src/install/my_robot_description/share/my_robot_description/environment/path.dsv
[3.965s] -- Symlinking: /home/kleo/ros2_ws/src/install/my_robot_description/share/my_robot_description/local_setup.bash
[3.983s] -- Symlinking: /home/kleo/ros2_ws/src/install/my_robot_description/share/my_robot_description/local_setup.sh
[3.999s] -- Symlinking: /home/kleo/ros2_ws/src/install/my_robot_description/share/my_robot_description/local_setup.zsh
[4.015s] -- Symlinking: /home/kleo/ros2_ws/src/install/my_robot_description/share/my_robot_description/local_setup.dsv
[4.033s] -- Symlinking: /home/kleo/ros2_ws/src/install/my_robot_description/share/my_robot_description/package.dsv
[4.049s] -- Symlinking: /home/kleo/ros2_ws/src/install/my_robot_description/share/ament_index/resource_index/packages/my_robot_description
[4.068s] -- Symlinking: /home/kleo/ros2_ws/src/install/my_robot_description/share/my_robot_description/cmake/my_robot_descriptionConfig.cmake
[4.089s] -- Symlinking: /home/kleo/ros2_ws/src/install/my_robot_description/share/my_robot_description/cmake/my_robot_descriptionConfig-version.cmake
[4.103s] -- Symlinking: /home/kleo/ros2_ws/src/install/my_robot_description/share/my_robot_description/package.xml
[4.124s] Invoked command in '/home/kleo/ros2_ws/src/build/my_robot_description' returned '0': CMAKE_PREFIX_PATH=${CMAKE_PREFIX_PATH}:/opt/ros/humble /usr/bin/cmake --install /home/kleo/ros2_ws/src/build/my_robot_description
